#
# There is insufficient memory for the Java Runtime Environment to continue.
# Native memory allocation (malloc) failed to allocate 1117216 bytes for Chunk::new
# Possible reasons:
#   The system is out of physical RAM or swap space
#   The process is running with CompressedOops enabled, and the Java Heap may be blocking the growth of the native heap
# Possible solutions:
#   Reduce memory load on the system
#   Increase physical memory or swap space
#   Check if swap backing store is full
#   Decrease Java heap size (-Xmx/-Xms)
#   Decrease number of Java threads
#   Decrease Java thread stack sizes (-Xss)
#   Set larger code cache with -XX:ReservedCodeCacheSize=
#   JVM is running with Unscaled Compressed Oops mode in which the Java heap is
#     placed in the first 4GB address space. The Java Heap base address is the
#     maximum limit for the native heap growth. Please use -XX:HeapBaseMinAddress
#     to set the Java Heap base and to place the Java Heap above 4GB virtual address.
# This output file may be truncated or incomplete.
#
#  Out of Memory Error (src/hotspot/share/memory/arena.cpp:197), pid=16244, tid=9984
#
# JRE version: OpenJDK Runtime Environment (11.0.15) (build 11.0.15+0-b2043.56-9505619)
# Java VM: OpenJDK 64-Bit Server VM (11.0.15+0-b2043.56-9505619, mixed mode, tiered, compressed oops, g1 gc, windows-amd64)
# No core dump will be written. Minidumps are not enabled by default on client versions of Windows
#

---------------  S U M M A R Y ------------

Command Line: --add-opens=java.base/java.util=ALL-UNNAMED --add-opens=java.base/java.lang=ALL-UNNAMED --add-opens=java.base/java.lang.invoke=ALL-UNNAMED --add-opens=java.base/java.util=ALL-UNNAMED --add-opens=java.prefs/java.util.prefs=ALL-UNNAMED --add-opens=java.prefs/java.util.prefs=ALL-UNNAMED --add-opens=java.base/java.nio.charset=ALL-UNNAMED --add-opens=java.base/java.net=ALL-UNNAMED --add-opens=java.base/java.util.concurrent.atomic=ALL-UNNAMED -Xmx2048m -Dfile.encoding=UTF-8 -Duser.country=IN -Duser.language=en -Duser.variant org.gradle.launcher.daemon.bootstrap.GradleDaemon 7.5

Host: 11th Gen Intel(R) Core(TM) i5-1135G7 @ 2.40GHz, 8 cores, 7G,  Windows 10 , 64 bit Build 19041 (10.0.19041.3636)
Time: Tue Nov 21 23:10:09 2023 India Standard Time elapsed time: 15.567038 seconds (0d 0h 0m 15s)

---------------  T H R E A D  ---------------

Current thread (0x000001f6eafde000):  JavaThread "C2 CompilerThread1" daemon [_thread_in_native, id=9984, stack(0x000000ed68d00000,0x000000ed68e00000)]


Current CompileTask:
C2:  15567 11523   !   4       java.io.ObjectOutputStream::writeObject0 (619 bytes)

Stack: [0x000000ed68d00000,0x000000ed68e00000]
Native frames: (J=compiled Java code, j=interpreted, Vv=VM code, C=native code)
V  [jvm.dll+0x64135a]
V  [jvm.dll+0x7d39f9]
V  [jvm.dll+0x7d51b9]
V  [jvm.dll+0x7d58a3]
V  [jvm.dll+0x2691c5]
V  [jvm.dll+0xc1a5c]
V  [jvm.dll+0xc200c]
V  [jvm.dll+0x2da2c2]
V  [jvm.dll+0x54cad9]
V  [jvm.dll+0x22a011]
V  [jvm.dll+0x223809]
V  [jvm.dll+0x220384]
V  [jvm.dll+0x19e851]
V  [jvm.dll+0x230479]
V  [jvm.dll+0x22e5ef]
V  [jvm.dll+0x794de1]
V  [jvm.dll+0x78dc24]
V  [jvm.dll+0x6400f6]
C  [ucrtbase.dll+0x21bb2]
C  [KERNEL32.DLL+0x17344]
C  [ntdll.dll+0x526b1]


---------------  P R O C E S S  ---------------

Threads class SMR info:
_java_thread_list=0x000001f6ec7e86c0, length=141, elements={
0x000001f6ce143000, 0x000001f6e860a800, 0x000001f6e8614000, 0x000001f6e8e72800,
0x000001f6e8e76000, 0x000001f6e8e77800, 0x000001f6e8e7b000, 0x000001f6e8e81800,
0x000001f6e8e84800, 0x000001f6e8fee800, 0x000001f6e9d60000, 0x000001f6eb0b7000,
0x000001f6e9add800, 0x000001f6e90ae000, 0x000001f6eb5f1800, 0x000001f6ea1ab800,
0x000001f6ea07e800, 0x000001f6ebbb4800, 0x000001f6e96a3800, 0x000001f6eb86d800,
0x000001f6ebbaf800, 0x000001f6ebbb2000, 0x000001f6ebbac800, 0x000001f6eafde000,
0x000001f6ebbaf000, 0x000001f6ebbb3000, 0x000001f6ebbad800, 0x000001f6ebbae000,
0x000001f6ebbb0800, 0x000001f6ebbb1800, 0x000001f6ec81f000, 0x000001f6ec820800,
0x000001f6ec824000, 0x000001f6ec81e000, 0x000001f6ec820000, 0x000001f6ec827000,
0x000001f6ec822800, 0x000001f6ec821800, 0x000001f6ec828000, 0x000001f6ec82a800,
0x000001f6ec829800, 0x000001f6ec82b800, 0x000001f6ec829000, 0x000001f6ec82c000,
0x000001f6ec826800, 0x000001f6ec82d000, 0x000001f6ebf34000, 0x000001f6ebf31800,
0x000001f6ebf30800, 0x000001f6ebf32800, 0x000001f6ebf33000, 0x000001f6ebf2e800,
0x000001f6ebf35000, 0x000001f6ebf2f000, 0x000001f6ebf30000, 0x000001f6ecd7a800,
0x000001f6ecd79000, 0x000001f6ecd79800, 0x000001f6ecd7b000, 0x000001f6ecd75800,
0x000001f6ecd78000, 0x000001f6ecd77000, 0x000001f6ecd7c000, 0x000001f6ecd76800,
0x000001f6ec8f8800, 0x000001f6ec8f7000, 0x000001f6ec8f6000, 0x000001f6ec8f3000,
0x000001f6ec8f7800, 0x000001f6ec8f4800, 0x000001f6ec8f3800, 0x000001f6ec8f9800,
0x000001f6ec8fa000, 0x000001f6ec8fb000, 0x000001f6ec8f5800, 0x000001f6ec900800,
0x000001f6ec900000, 0x000001f6ec8ff000, 0x000001f6ec901800, 0x000001f6ec8fc000,
0x000001f6ec8fc800, 0x000001f6ec8fd800, 0x000001f6ec8fe800, 0x000001f6ec3b1800,
0x000001f6ec3ae000, 0x000001f6ec3ad800, 0x000001f6ec3b4000, 0x000001f6ec3b2800,
0x000001f6ec3af000, 0x000001f6ec3b5000, 0x000001f6ec3b0000, 0x000001f6ec3b5800,
0x000001f6ec3b3000, 0x000001f6ec3b6800, 0x000001f6ec3b0800, 0x000001f6ec3bb800,
0x000001f6ec3b7000, 0x000001f6ec3bc000, 0x000001f6ec3b8000, 0x000001f6ec3b9000,
0x000001f6ec3b9800, 0x000001f6ec3ba800, 0x000001f6ef138800, 0x000001f6ef13c800,
0x000001f6ef13d000, 0x000001f6ef137800, 0x000001f6ef13e000, 0x000001f6ef13f000,
0x000001f6ef13b000, 0x000001f6ef139000, 0x000001f6ef13f800, 0x000001f6ef13a000,
0x000001f6ef140800, 0x000001f6ef141800, 0x000001f6ef13b800, 0x000001f6ef145800,
0x000001f6ef146000, 0x000001f6ef144000, 0x000001f6ef142000, 0x000001f6ef143000,
0x000001f6ef144800, 0x000001f6e97c9000, 0x000001f6e97c6800, 0x000001f6e97c3000,
0x000001f6e97c9800, 0x000001f6e97c5800, 0x000001f6e97c7000, 0x000001f6e97ca800,
0x000001f6e97c8000, 0x000001f6e97c4800, 0x000001f6e97ce800, 0x000001f6e97cd800,
0x000001f6e97cc000, 0x000001f6e97cf800, 0x000001f6e97cb000, 0x000001f6e97d1800,
0x000001f6e97cd000, 0x000001f6e97d0000, 0x000001f6e97d1000, 0x000001f6f0267000,
0x000001f6f0268800
}

Java Threads: ( => current thread )
  0x000001f6ce143000 JavaThread "main" [_thread_blocked, id=9764, stack(0x000000ed66700000,0x000000ed66800000)]
  0x000001f6e860a800 JavaThread "Reference Handler" daemon [_thread_blocked, id=8052, stack(0x000000ed66e00000,0x000000ed66f00000)]
  0x000001f6e8614000 JavaThread "Finalizer" daemon [_thread_blocked, id=15568, stack(0x000000ed66f00000,0x000000ed67000000)]
  0x000001f6e8e72800 JavaThread "Signal Dispatcher" daemon [_thread_blocked, id=6816, stack(0x000000ed67000000,0x000000ed67100000)]
  0x000001f6e8e76000 JavaThread "Attach Listener" daemon [_thread_blocked, id=4376, stack(0x000000ed67100000,0x000000ed67200000)]
  0x000001f6e8e77800 JavaThread "Service Thread" daemon [_thread_blocked, id=12540, stack(0x000000ed67200000,0x000000ed67300000)]
  0x000001f6e8e7b000 JavaThread "C2 CompilerThread0" daemon [_thread_in_native, id=10000, stack(0x000000ed67300000,0x000000ed67400000)]
  0x000001f6e8e81800 JavaThread "C1 CompilerThread0" daemon [_thread_blocked, id=15208, stack(0x000000ed67400000,0x000000ed67500000)]
  0x000001f6e8e84800 JavaThread "Sweeper thread" daemon [_thread_blocked, id=11796, stack(0x000000ed67500000,0x000000ed67600000)]
  0x000001f6e8fee800 JavaThread "Common-Cleaner" daemon [_thread_blocked, id=3100, stack(0x000000ed67600000,0x000000ed67700000)]
  0x000001f6e9d60000 JavaThread "Daemon health stats" [_thread_blocked, id=7504, stack(0x000000ed67b00000,0x000000ed67c00000)]
  0x000001f6eb0b7000 JavaThread "Incoming local TCP Connector on port 58172" [_thread_in_native, id=4452, stack(0x000000ed67800000,0x000000ed67900000)]
  0x000001f6e9add800 JavaThread "Daemon periodic checks" [_thread_blocked, id=13864, stack(0x000000ed67900000,0x000000ed67a00000)]
  0x000001f6e90ae000 JavaThread "Daemon" [_thread_blocked, id=1944, stack(0x000000ed67c00000,0x000000ed67d00000)]
  0x000001f6eb5f1800 JavaThread "Handler for socket connection from /127.0.0.1:58172 to /127.0.0.1:58173" [_thread_in_native, id=11296, stack(0x000000ed67d00000,0x000000ed67e00000)]
  0x000001f6ea1ab800 JavaThread "Cancel handler" [_thread_blocked, id=11984, stack(0x000000ed67e00000,0x000000ed67f00000)]
  0x000001f6ea07e800 JavaThread "Daemon worker" [_thread_blocked, id=11016, stack(0x000000ed67f00000,0x000000ed68000000)]
  0x000001f6ebbb4800 JavaThread "Asynchronous log dispatcher for DefaultDaemonConnection: socket connection from /127.0.0.1:58172 to /127.0.0.1:58173" [_thread_blocked, id=10060, stack(0x000000ed68000000,0x000000ed68100000)]
  0x000001f6e96a3800 JavaThread "Stdin handler" [_thread_blocked, id=9556, stack(0x000000ed68100000,0x000000ed68200000)]
  0x000001f6eb86d800 JavaThread "Daemon client event forwarder" [_thread_blocked, id=2552, stack(0x000000ed68200000,0x000000ed68300000)]
  0x000001f6ebbaf800 JavaThread "Cache worker for journal cache (C:\Users\a\.gradle\caches\journal-1)" [_thread_blocked, id=9324, stack(0x000000ed68900000,0x000000ed68a00000)]
  0x000001f6ebbb2000 JavaThread "File lock request listener" [_thread_in_native, id=4296, stack(0x000000ed68a00000,0x000000ed68b00000)]
  0x000001f6ebbac800 JavaThread "Cache worker for file hash cache (C:\Users\a\.gradle\caches\7.5\fileHashes)" [_thread_blocked, id=3980, stack(0x000000ed68b00000,0x000000ed68c00000)]
=>0x000001f6eafde000 JavaThread "C2 CompilerThread1" daemon [_thread_in_native, id=9984, stack(0x000000ed68d00000,0x000000ed68e00000)]
  0x000001f6ebbaf000 JavaThread "File watcher server" daemon [_thread_in_native, id=9980, stack(0x000000ed68e00000,0x000000ed68f00000)]
  0x000001f6ebbb3000 JavaThread "File watcher consumer" daemon [_thread_blocked, id=1000, stack(0x000000ed68f00000,0x000000ed69000000)]
  0x000001f6ebbad800 JavaThread "Cache worker for checksums cache (C:\Users\a\AndroidStudioProjects\TempoTunes\.gradle\7.5\checksums)" [_thread_blocked, id=7456, stack(0x000000ed69000000,0x000000ed69100000)]
  0x000001f6ebbae000 JavaThread "Cache worker for cache directory md-rule (C:\Users\a\.gradle\caches\7.5\md-rule)" [_thread_blocked, id=8368, stack(0x000000ed69100000,0x000000ed69200000)]
  0x000001f6ebbb0800 JavaThread "Cache worker for file content cache (C:\Users\a\.gradle\caches\7.5\fileContent)" [_thread_blocked, id=14152, stack(0x000000ed69200000,0x000000ed69300000)]
  0x000001f6ebbb1800 JavaThread "Cache worker for file hash cache (C:\Users\a\AndroidStudioProjects\TempoTunes\.gradle\7.5\fileHashes)" [_thread_blocked, id=3500, stack(0x000000ed69300000,0x000000ed69400000)]
  0x000001f6ec81f000 JavaThread "Cache worker for cache directory md-supplier (C:\Users\a\.gradle\caches\7.5\md-supplier)" [_thread_blocked, id=6404, stack(0x000000ed69400000,0x000000ed69500000)]
  0x000001f6ec820800 JavaThread "Cache worker for execution history cache (C:\Users\a\.gradle\caches\7.5\executionHistory)" [_thread_blocked, id=10076, stack(0x000000ed69500000,0x000000ed69600000)]
  0x000001f6ec824000 JavaThread "jar transforms" [_thread_blocked, id=4944, stack(0x000000ed69600000,0x000000ed69700000)]
  0x000001f6ec81e000 JavaThread "jar transforms Thread 2" [_thread_blocked, id=11452, stack(0x000000ed69800000,0x000000ed69900000)]
  0x000001f6ec820000 JavaThread "jar transforms Thread 3" [_thread_blocked, id=6268, stack(0x000000ed69900000,0x000000ed69a00000)]
  0x000001f6ec827000 JavaThread "jar transforms Thread 4" [_thread_blocked, id=1076, stack(0x000000ed69a00000,0x000000ed69b00000)]
  0x000001f6ec822800 JavaThread "Cache worker for dependencies-accessors (C:\Users\a\AndroidStudioProjects\TempoTunes\.gradle\7.5\dependencies-accessors)" [_thread_blocked, id=284, stack(0x000000ed69b00000,0x000000ed69c00000)]
  0x000001f6ec821800 JavaThread "jar transforms Thread 5" [_thread_blocked, id=4248, stack(0x000000ed69c00000,0x000000ed69d00000)]
  0x000001f6ec828000 JavaThread "Cache worker for Build Output Cleanup Cache (C:\Users\a\AndroidStudioProjects\TempoTunes\.gradle\buildOutputCleanup)" [_thread_blocked, id=5744, stack(0x000000ed69d00000,0x000000ed69e00000)]
  0x000001f6ec82a800 JavaThread "Unconstrained build operations" [_thread_blocked, id=13720, stack(0x000000ed69e00000,0x000000ed69f00000)]
  0x000001f6ec829800 JavaThread "Unconstrained build operations Thread 2" [_thread_blocked, id=12612, stack(0x000000ed69f00000,0x000000ed6a000000)]
  0x000001f6ec82b800 JavaThread "Unconstrained build operations Thread 3" [_thread_blocked, id=2668, stack(0x000000ed6a000000,0x000000ed6a100000)]
  0x000001f6ec829000 JavaThread "Unconstrained build operations Thread 4" [_thread_blocked, id=13356, stack(0x000000ed6a100000,0x000000ed6a200000)]
  0x000001f6ec82c000 JavaThread "Unconstrained build operations Thread 5" [_thread_blocked, id=13352, stack(0x000000ed6a200000,0x000000ed6a300000)]
  0x000001f6ec826800 JavaThread "Unconstrained build operations Thread 6" [_thread_blocked, id=15364, stack(0x000000ed6a300000,0x000000ed6a400000)]
  0x000001f6ec82d000 JavaThread "Unconstrained build operations Thread 7" [_thread_blocked, id=8816, stack(0x000000ed6a400000,0x000000ed6a500000)]
  0x000001f6ebf34000 JavaThread "Unconstrained build operations Thread 8" [_thread_blocked, id=14912, stack(0x000000ed6a500000,0x000000ed6a600000)]
  0x000001f6ebf31800 JavaThread "Unconstrained build operations Thread 9" [_thread_blocked, id=9596, stack(0x000000ed6a600000,0x000000ed6a700000)]
  0x000001f6ebf30800 JavaThread "Unconstrained build operations Thread 10" [_thread_blocked, id=13788, stack(0x000000ed6a700000,0x000000ed6a800000)]
  0x000001f6ebf32800 JavaThread "Unconstrained build operations Thread 11" [_thread_blocked, id=12860, stack(0x000000ed6a800000,0x000000ed6a900000)]
  0x000001f6ebf33000 JavaThread "Unconstrained build operations Thread 12" [_thread_blocked, id=11332, stack(0x000000ed6a900000,0x000000ed6aa00000)]
  0x000001f6ebf2e800 JavaThread "Unconstrained build operations Thread 13" [_thread_blocked, id=15760, stack(0x000000ed6aa00000,0x000000ed6ab00000)]
  0x000001f6ebf35000 JavaThread "Unconstrained build operations Thread 14" [_thread_blocked, id=11256, stack(0x000000ed6ab00000,0x000000ed6ac00000)]
  0x000001f6ebf2f000 JavaThread "Unconstrained build operations Thread 15" [_thread_blocked, id=11732, stack(0x000000ed6ac00000,0x000000ed6ad00000)]
  0x000001f6ebf30000 JavaThread "Unconstrained build operations Thread 16" [_thread_blocked, id=6564, stack(0x000000ed6ad00000,0x000000ed6ae00000)]
  0x000001f6ecd7a800 JavaThread "Unconstrained build operations Thread 17" [_thread_blocked, id=1348, stack(0x000000ed6ae00000,0x000000ed6af00000)]
  0x000001f6ecd79000 JavaThread "Unconstrained build operations Thread 18" [_thread_blocked, id=12304, stack(0x000000ed6af00000,0x000000ed6b000000)]
  0x000001f6ecd79800 JavaThread "Unconstrained build operations Thread 19" [_thread_blocked, id=15080, stack(0x000000ed6b000000,0x000000ed6b100000)]
  0x000001f6ecd7b000 JavaThread "Unconstrained build operations Thread 20" [_thread_blocked, id=3200, stack(0x000000ed6b100000,0x000000ed6b200000)]
  0x000001f6ecd75800 JavaThread "Unconstrained build operations Thread 21" [_thread_blocked, id=13132, stack(0x000000ed6b200000,0x000000ed6b300000)]
  0x000001f6ecd78000 JavaThread "Unconstrained build operations Thread 22" [_thread_blocked, id=9480, stack(0x000000ed6b300000,0x000000ed6b400000)]
  0x000001f6ecd77000 JavaThread "Unconstrained build operations Thread 23" [_thread_blocked, id=7900, stack(0x000000ed6b400000,0x000000ed6b500000)]
  0x000001f6ecd7c000 JavaThread "Unconstrained build operations Thread 24" [_thread_blocked, id=8572, stack(0x000000ed6b500000,0x000000ed6b600000)]
  0x000001f6ecd76800 JavaThread "Unconstrained build operations Thread 25" [_thread_blocked, id=10364, stack(0x000000ed6b600000,0x000000ed6b700000)]
  0x000001f6ec8f8800 JavaThread "Unconstrained build operations Thread 26" [_thread_blocked, id=15652, stack(0x000000ed6b700000,0x000000ed6b800000)]
  0x000001f6ec8f7000 JavaThread "Unconstrained build operations Thread 27" [_thread_blocked, id=6196, stack(0x000000ed6b800000,0x000000ed6b900000)]
  0x000001f6ec8f6000 JavaThread "Unconstrained build operations Thread 28" [_thread_blocked, id=10024, stack(0x000000ed6b900000,0x000000ed6ba00000)]
  0x000001f6ec8f3000 JavaThread "Unconstrained build operations Thread 29" [_thread_blocked, id=12824, stack(0x000000ed6ba00000,0x000000ed6bb00000)]
  0x000001f6ec8f7800 JavaThread "Unconstrained build operations Thread 30" [_thread_blocked, id=10152, stack(0x000000ed6bb00000,0x000000ed6bc00000)]
  0x000001f6ec8f4800 JavaThread "Unconstrained build operations Thread 31" [_thread_blocked, id=12384, stack(0x000000ed6bc00000,0x000000ed6bd00000)]
  0x000001f6ec8f3800 JavaThread "Unconstrained build operations Thread 32" [_thread_blocked, id=248, stack(0x000000ed6bd00000,0x000000ed6be00000)]
  0x000001f6ec8f9800 JavaThread "Unconstrained build operations Thread 33" [_thread_blocked, id=13636, stack(0x000000ed6be00000,0x000000ed6bf00000)]
  0x000001f6ec8fa000 JavaThread "Unconstrained build operations Thread 34" [_thread_blocked, id=4368, stack(0x000000ed6bf00000,0x000000ed6c000000)]
  0x000001f6ec8fb000 JavaThread "Unconstrained build operations Thread 35" [_thread_blocked, id=3400, stack(0x000000ed6c000000,0x000000ed6c100000)]
  0x000001f6ec8f5800 JavaThread "Unconstrained build operations Thread 36" [_thread_blocked, id=3788, stack(0x000000ed6c100000,0x000000ed6c200000)]
  0x000001f6ec900800 JavaThread "Unconstrained build operations Thread 37" [_thread_blocked, id=14472, stack(0x000000ed6c200000,0x000000ed6c300000)]
  0x000001f6ec900000 JavaThread "Unconstrained build operations Thread 38" [_thread_blocked, id=13480, stack(0x000000ed6c300000,0x000000ed6c400000)]
  0x000001f6ec8ff000 JavaThread "Unconstrained build operations Thread 39" [_thread_blocked, id=1424, stack(0x000000ed6c400000,0x000000ed6c500000)]
  0x000001f6ec901800 JavaThread "Unconstrained build operations Thread 40" [_thread_blocked, id=10120, stack(0x000000ed6c500000,0x000000ed6c600000)]
  0x000001f6ec8fc000 JavaThread "Unconstrained build operations Thread 41" [_thread_blocked, id=9096, stack(0x000000ed6c600000,0x000000ed6c700000)]
  0x000001f6ec8fc800 JavaThread "Unconstrained build operations Thread 42" [_thread_blocked, id=3940, stack(0x000000ed6c700000,0x000000ed6c800000)]
  0x000001f6ec8fd800 JavaThread "Unconstrained build operations Thread 43" [_thread_blocked, id=7856, stack(0x000000ed6c800000,0x000000ed6c900000)]
  0x000001f6ec8fe800 JavaThread "Unconstrained build operations Thread 44" [_thread_blocked, id=12352, stack(0x000000ed6c900000,0x000000ed6ca00000)]
  0x000001f6ec3b1800 JavaThread "Unconstrained build operations Thread 45" [_thread_blocked, id=1256, stack(0x000000ed6ca00000,0x000000ed6cb00000)]
  0x000001f6ec3ae000 JavaThread "Unconstrained build operations Thread 46" [_thread_blocked, id=6860, stack(0x000000ed6cb00000,0x000000ed6cc00000)]
  0x000001f6ec3ad800 JavaThread "Unconstrained build operations Thread 47" [_thread_blocked, id=12648, stack(0x000000ed6cc00000,0x000000ed6cd00000)]
  0x000001f6ec3b4000 JavaThread "Unconstrained build operations Thread 48" [_thread_blocked, id=3008, stack(0x000000ed6cd00000,0x000000ed6ce00000)]
  0x000001f6ec3b2800 JavaThread "Unconstrained build operations Thread 49" [_thread_blocked, id=6484, stack(0x000000ed6ce00000,0x000000ed6cf00000)]
  0x000001f6ec3af000 JavaThread "Unconstrained build operations Thread 50" [_thread_blocked, id=6220, stack(0x000000ed6cf00000,0x000000ed6d000000)]
  0x000001f6ec3b5000 JavaThread "Unconstrained build operations Thread 51" [_thread_blocked, id=9592, stack(0x000000ed6d000000,0x000000ed6d100000)]
  0x000001f6ec3b0000 JavaThread "Unconstrained build operations Thread 52" [_thread_blocked, id=13920, stack(0x000000ed6d100000,0x000000ed6d200000)]
  0x000001f6ec3b5800 JavaThread "Unconstrained build operations Thread 53" [_thread_blocked, id=7892, stack(0x000000ed6d200000,0x000000ed6d300000)]
  0x000001f6ec3b3000 JavaThread "Unconstrained build operations Thread 54" [_thread_blocked, id=5216, stack(0x000000ed6d300000,0x000000ed6d400000)]
  0x000001f6ec3b6800 JavaThread "Unconstrained build operations Thread 55" [_thread_blocked, id=11500, stack(0x000000ed6d400000,0x000000ed6d500000)]
  0x000001f6ec3b0800 JavaThread "Unconstrained build operations Thread 56" [_thread_blocked, id=14388, stack(0x000000ed6d500000,0x000000ed6d600000)]
  0x000001f6ec3bb800 JavaThread "Unconstrained build operations Thread 57" [_thread_blocked, id=13048, stack(0x000000ed6d600000,0x000000ed6d700000)]
  0x000001f6ec3b7000 JavaThread "Unconstrained build operations Thread 58" [_thread_blocked, id=11436, stack(0x000000ed6d700000,0x000000ed6d800000)]
  0x000001f6ec3bc000 JavaThread "Unconstrained build operations Thread 59" [_thread_blocked, id=11888, stack(0x000000ed6d800000,0x000000ed6d900000)]
  0x000001f6ec3b8000 JavaThread "Unconstrained build operations Thread 60" [_thread_blocked, id=8336, stack(0x000000ed6d900000,0x000000ed6da00000)]
  0x000001f6ec3b9000 JavaThread "Unconstrained build operations Thread 61" [_thread_blocked, id=14120, stack(0x000000ed6da00000,0x000000ed6db00000)]
  0x000001f6ec3b9800 JavaThread "Unconstrained build operations Thread 62" [_thread_blocked, id=3304, stack(0x000000ed6db00000,0x000000ed6dc00000)]
  0x000001f6ec3ba800 JavaThread "Unconstrained build operations Thread 63" [_thread_blocked, id=15664, stack(0x000000ed6dc00000,0x000000ed6dd00000)]
  0x000001f6ef138800 JavaThread "Unconstrained build operations Thread 64" [_thread_blocked, id=2192, stack(0x000000ed6dd00000,0x000000ed6de00000)]
  0x000001f6ef13c800 JavaThread "Unconstrained build operations Thread 65" [_thread_blocked, id=2024, stack(0x000000ed6de00000,0x000000ed6df00000)]
  0x000001f6ef13d000 JavaThread "Unconstrained build operations Thread 66" [_thread_blocked, id=15368, stack(0x000000ed6df00000,0x000000ed6e000000)]
  0x000001f6ef137800 JavaThread "Unconstrained build operations Thread 67" [_thread_blocked, id=12904, stack(0x000000ed6e000000,0x000000ed6e100000)]
  0x000001f6ef13e000 JavaThread "Unconstrained build operations Thread 68" [_thread_blocked, id=11096, stack(0x000000ed6e100000,0x000000ed6e200000)]
  0x000001f6ef13f000 JavaThread "Unconstrained build operations Thread 69" [_thread_blocked, id=8704, stack(0x000000ed6e200000,0x000000ed6e300000)]
  0x000001f6ef13b000 JavaThread "Unconstrained build operations Thread 70" [_thread_blocked, id=13696, stack(0x000000ed6e300000,0x000000ed6e400000)]
  0x000001f6ef139000 JavaThread "Unconstrained build operations Thread 71" [_thread_blocked, id=15236, stack(0x000000ed6e400000,0x000000ed6e500000)]
  0x000001f6ef13f800 JavaThread "Unconstrained build operations Thread 72" [_thread_blocked, id=16048, stack(0x000000ed6e500000,0x000000ed6e600000)]
  0x000001f6ef13a000 JavaThread "Unconstrained build operations Thread 73" [_thread_blocked, id=3084, stack(0x000000ed6e600000,0x000000ed6e700000)]
  0x000001f6ef140800 JavaThread "Unconstrained build operations Thread 74" [_thread_blocked, id=5448, stack(0x000000ed6e700000,0x000000ed6e800000)]
  0x000001f6ef141800 JavaThread "Unconstrained build operations Thread 75" [_thread_blocked, id=11800, stack(0x000000ed6e800000,0x000000ed6e900000)]
  0x000001f6ef13b800 JavaThread "Unconstrained build operations Thread 76" [_thread_blocked, id=11936, stack(0x000000ed6e900000,0x000000ed6ea00000)]
  0x000001f6ef145800 JavaThread "Unconstrained build operations Thread 77" [_thread_blocked, id=10916, stack(0x000000ed6ea00000,0x000000ed6eb00000)]
  0x000001f6ef146000 JavaThread "Unconstrained build operations Thread 78" [_thread_blocked, id=16216, stack(0x000000ed6eb00000,0x000000ed6ec00000)]
  0x000001f6ef144000 JavaThread "Unconstrained build operations Thread 79" [_thread_blocked, id=16200, stack(0x000000ed6ec00000,0x000000ed6ed00000)]
  0x000001f6ef142000 JavaThread "Unconstrained build operations Thread 80" [_thread_blocked, id=5520, stack(0x000000ed6ed00000,0x000000ed6ee00000)]
  0x000001f6ef143000 JavaThread "jar transforms Thread 6" [_thread_blocked, id=13632, stack(0x000000ed6ee00000,0x000000ed6ef00000)]
  0x000001f6ef144800 JavaThread "jar transforms Thread 7" [_thread_blocked, id=11428, stack(0x000000ed6ef00000,0x000000ed6f000000)]
  0x000001f6e97c9000 JavaThread "jar transforms Thread 8" [_thread_blocked, id=10432, stack(0x000000ed6f000000,0x000000ed6f100000)]
  0x000001f6e97c6800 JavaThread "build event listener" [_thread_blocked, id=3396, stack(0x000000ed6f100000,0x000000ed6f200000)]
  0x000001f6e97c3000 JavaThread "Memory manager" [_thread_blocked, id=3036, stack(0x000000ed6f200000,0x000000ed6f300000)]
  0x000001f6e97c9800 JavaThread "included builds" [_thread_blocked, id=1648, stack(0x000000ed6f300000,0x000000ed6f400000)]
  0x000001f6e97c5800 JavaThread "Execution worker" [_thread_blocked, id=1824, stack(0x000000ed6f400000,0x000000ed6f500000)]
  0x000001f6e97c7000 JavaThread "Execution worker Thread 2" [_thread_blocked, id=16220, stack(0x000000ed6f500000,0x000000ed6f600000)]
  0x000001f6e97ca800 JavaThread "Execution worker Thread 3" [_thread_in_vm, id=13284, stack(0x000000ed6f600000,0x000000ed6f700000)]
  0x000001f6e97c8000 JavaThread "Execution worker Thread 4" [_thread_blocked, id=15004, stack(0x000000ed6f700000,0x000000ed6f800000)]
  0x000001f6e97c4800 JavaThread "Execution worker Thread 5" [_thread_blocked, id=1568, stack(0x000000ed6f800000,0x000000ed6f900000)]
  0x000001f6e97ce800 JavaThread "Execution worker Thread 6" [_thread_blocked, id=14692, stack(0x000000ed6f900000,0x000000ed6fa00000)]
  0x000001f6e97cd800 JavaThread "Execution worker Thread 7" [_thread_blocked, id=14952, stack(0x000000ed6fa00000,0x000000ed6fb00000)]
  0x000001f6e97cc000 JavaThread "Cache worker for execution history cache (C:\Users\a\AndroidStudioProjects\TempoTunes\.gradle\7.5\executionHistory)" [_thread_blocked, id=11456, stack(0x000000ed6fb00000,0x000000ed6fc00000)]
  0x000001f6e97cf800 JavaThread "WorkerExecutor Queue" [_thread_blocked, id=3276, stack(0x000000ed6fc00000,0x000000ed6fd00000)]
  0x000001f6e97cb000 JavaThread "WorkerExecutor Queue Thread 2" [_thread_blocked, id=11840, stack(0x000000ed6fe00000,0x000000ed6ff00000)]
  0x000001f6e97d1800 JavaThread "WorkerExecutor Queue Thread 3" [_thread_blocked, id=7112, stack(0x000000ed6ff00000,0x000000ed70000000)]
  0x000001f6e97cd000 JavaThread "WorkerExecutor Queue Thread 4" [_thread_blocked, id=9364, stack(0x000000ed70000000,0x000000ed70100000)]
  0x000001f6e97d0000 JavaThread "WorkerExecutor Queue Thread 5" [_thread_blocked, id=15232, stack(0x000000ed70100000,0x000000ed70200000)]
  0x000001f6e97d1000 JavaThread "WorkerExecutor Queue Thread 6" [_thread_blocked, id=3620, stack(0x000000ed70200000,0x000000ed70300000)]
  0x000001f6f0267000 JavaThread "WorkerExecutor Queue Thread 7" [_thread_blocked, id=14712, stack(0x000000ed70300000,0x000000ed70400000)]
  0x000001f6f0268800 JavaThread "WorkerExecutor Queue Thread 8" [_thread_blocked, id=11816, stack(0x000000ed70400000,0x000000ed70500000)]

Other Threads:
  0x000001f6e8e29000 VMThread "VM Thread" [stack: 0x000000ed66d00000,0x000000ed66e00000] [id=1904]
  0x000001f6e9016000 WatcherThread [stack: 0x000000ed67700000,0x000000ed67800000] [id=11768]
  0x000001f6ce15c800 GCTaskThread "GC Thread#0" [stack: 0x000000ed66800000,0x000000ed66900000] [id=5940]
  0x000001f6ea2d2000 GCTaskThread "GC Thread#1" [stack: 0x000000ed67a00000,0x000000ed67b00000] [id=8900]
  0x000001f6eb891800 GCTaskThread "GC Thread#2" [stack: 0x000000ed68300000,0x000000ed68400000] [id=2448]
  0x000001f6eb2b5000 GCTaskThread "GC Thread#3" [stack: 0x000000ed68400000,0x000000ed68500000] [id=8448]
  0x000001f6eadf9000 GCTaskThread "GC Thread#4" [stack: 0x000000ed68500000,0x000000ed68600000] [id=13680]
  0x000001f6eadf9800 GCTaskThread "GC Thread#5" [stack: 0x000000ed68600000,0x000000ed68700000] [id=12228]
  0x000001f6eb00e800 GCTaskThread "GC Thread#6" [stack: 0x000000ed68700000,0x000000ed68800000] [id=10308]
  0x000001f6eb00f000 GCTaskThread "GC Thread#7" [stack: 0x000000ed68800000,0x000000ed68900000] [id=12644]
  0x000001f6ce18e000 ConcurrentGCThread "G1 Main Marker" [stack: 0x000000ed66900000,0x000000ed66a00000] [id=14604]
  0x000001f6ce18f800 ConcurrentGCThread "G1 Conc#0" [stack: 0x000000ed66a00000,0x000000ed66b00000] [id=13608]
  0x000001f6eaef5800 ConcurrentGCThread "G1 Conc#1" [stack: 0x000000ed68c00000,0x000000ed68d00000] [id=14768]
  0x000001f6e8457800 ConcurrentGCThread "G1 Refine#0" [stack: 0x000000ed66b00000,0x000000ed66c00000] [id=11400]
  0x000001f6ec595000 ConcurrentGCThread "G1 Refine#1" [stack: 0x000000ed69700000,0x000000ed69800000] [id=13336]
  0x000001f6ec595800 ConcurrentGCThread "G1 Refine#2" [stack: 0x000000ed6fd00000,0x000000ed6fe00000] [id=4952]
  0x000001f6e8458800 ConcurrentGCThread "G1 Young RemSet Sampling" [stack: 0x000000ed66c00000,0x000000ed66d00000] [id=2636]

Threads with active compile tasks:
C2 CompilerThread0    15611 11684   !   4       java.io.ObjectOutputStream::writeSerialData (221 bytes)
C1 CompilerThread0    15611 13434       2       java.lang.management.ManagementFactory$$Lambda$62/0x0000000100139c40::apply (12 bytes)
C2 CompilerThread1    15611 11523   !   4       java.io.ObjectOutputStream::writeObject0 (619 bytes)

VM state:not at safepoint (normal execution)

VM Mutex/Monitor currently owned by a thread: None

Heap address: 0x0000000080000000, size: 2048 MB, Compressed Oops mode: 32-bit
Narrow klass base: 0x0000000000000000, Narrow klass shift: 3
Compressed class space size: 1073741824 Address: 0x0000000100000000

Heap:
 garbage-first heap   total 264192K, used 134877K [0x0000000080000000, 0x0000000100000000)
  region size 1024K, 23 young (23552K), 3 survivors (3072K)
 Metaspace       used 101092K, capacity 103886K, committed 104112K, reserved 1142784K
  class space    used 12815K, capacity 13875K, committed 13976K, reserved 1048576K
Heap Regions: E=young(eden), S=young(survivor), O=old, HS=humongous(starts), HC=humongous(continues), CS=collection set, F=free, A=archive, TAMS=top-at-mark-start (previous, next)
|   0|0x0000000080000000, 0x0000000080100000, 0x0000000080100000|100%| O|  |TAMS 0x0000000080100000, 0x0000000080000000| Untracked 
|   1|0x0000000080100000, 0x0000000080200000, 0x0000000080200000|100%| O|  |TAMS 0x0000000080200000, 0x0000000080100000| Untracked 
|   2|0x0000000080200000, 0x0000000080300000, 0x0000000080300000|100%| O|  |TAMS 0x0000000080300000, 0x0000000080200000| Untracked 
|   3|0x0000000080300000, 0x0000000080400000, 0x0000000080400000|100%|HS|  |TAMS 0x0000000080400000, 0x0000000080300000| Complete 
|   4|0x0000000080400000, 0x0000000080500000, 0x0000000080500000|100%|HC|  |TAMS 0x0000000080500000, 0x0000000080400000| Complete 
|   5|0x0000000080500000, 0x0000000080600000, 0x0000000080600000|100%|HC|  |TAMS 0x0000000080600000, 0x0000000080500000| Complete 
|   6|0x0000000080600000, 0x0000000080700000, 0x0000000080700000|100%| O|  |TAMS 0x0000000080700000, 0x0000000080600000| Untracked 
|   7|0x0000000080700000, 0x0000000080800000, 0x0000000080800000|100%| O|  |TAMS 0x0000000080800000, 0x0000000080700000| Untracked 
|   8|0x0000000080800000, 0x0000000080900000, 0x0000000080900000|100%| O|  |TAMS 0x0000000080900000, 0x0000000080800000| Untracked 
|   9|0x0000000080900000, 0x0000000080a00000, 0x0000000080a00000|100%| O|  |TAMS 0x0000000080a00000, 0x0000000080900000| Untracked 
|  10|0x0000000080a00000, 0x0000000080b00000, 0x0000000080b00000|100%| O|  |TAMS 0x0000000080b00000, 0x0000000080a00000| Untracked 
|  11|0x0000000080b00000, 0x0000000080c00000, 0x0000000080c00000|100%| O|  |TAMS 0x0000000080c00000, 0x0000000080b00000| Untracked 
|  12|0x0000000080c00000, 0x0000000080d00000, 0x0000000080d00000|100%| O|  |TAMS 0x0000000080d00000, 0x0000000080c00000| Untracked 
|  13|0x0000000080d00000, 0x0000000080e00000, 0x0000000080e00000|100%| O|  |TAMS 0x0000000080e00000, 0x0000000080d00000| Untracked 
|  14|0x0000000080e00000, 0x0000000080f00000, 0x0000000080f00000|100%| O|  |TAMS 0x0000000080f00000, 0x0000000080e00000| Untracked 
|  15|0x0000000080f00000, 0x0000000081000000, 0x0000000081000000|100%| O|  |TAMS 0x0000000081000000, 0x0000000080f00000| Untracked 
|  16|0x0000000081000000, 0x0000000081100000, 0x0000000081100000|100%|HS|  |TAMS 0x0000000081100000, 0x0000000081000000| Complete 
|  17|0x0000000081100000, 0x0000000081200000, 0x0000000081200000|100%| O|  |TAMS 0x0000000081200000, 0x0000000081100000| Untracked 
|  18|0x0000000081200000, 0x0000000081300000, 0x0000000081300000|100%| O|  |TAMS 0x0000000081300000, 0x0000000081200000| Untracked 
|  19|0x0000000081300000, 0x0000000081400000, 0x0000000081400000|100%| O|  |TAMS 0x0000000081400000, 0x0000000081300000| Untracked 
|  20|0x0000000081400000, 0x0000000081500000, 0x0000000081500000|100%| O|  |TAMS 0x0000000081500000, 0x0000000081400000| Untracked 
|  21|0x0000000081500000, 0x0000000081600000, 0x0000000081600000|100%| O|  |TAMS 0x0000000081600000, 0x0000000081500000| Untracked 
|  22|0x0000000081600000, 0x0000000081700000, 0x0000000081700000|100%| O|  |TAMS 0x0000000081700000, 0x0000000081600000| Untracked 
|  23|0x0000000081700000, 0x0000000081800000, 0x0000000081800000|100%| O|  |TAMS 0x0000000081800000, 0x0000000081700000| Untracked 
|  24|0x0000000081800000, 0x0000000081900000, 0x0000000081900000|100%| O|  |TAMS 0x0000000081900000, 0x0000000081800000| Untracked 
|  25|0x0000000081900000, 0x0000000081a00000, 0x0000000081a00000|100%| O|  |TAMS 0x0000000081a00000, 0x0000000081900000| Untracked 
|  26|0x0000000081a00000, 0x0000000081b00000, 0x0000000081b00000|100%| O|  |TAMS 0x0000000081b00000, 0x0000000081a00000| Untracked 
|  27|0x0000000081b00000, 0x0000000081c00000, 0x0000000081c00000|100%| O|  |TAMS 0x0000000081c00000, 0x0000000081b00000| Untracked 
|  28|0x0000000081c00000, 0x0000000081d00000, 0x0000000081d00000|100%|HS|  |TAMS 0x0000000081d00000, 0x0000000081c00000| Complete 
|  29|0x0000000081d00000, 0x0000000081e00000, 0x0000000081e00000|100%|HC|  |TAMS 0x0000000081e00000, 0x0000000081d00000| Complete 
|  30|0x0000000081e00000, 0x0000000081f00000, 0x0000000081f00000|100%|HS|  |TAMS 0x0000000081f00000, 0x0000000081e00000| Complete 
|  31|0x0000000081f00000, 0x0000000082000000, 0x0000000082000000|100%|HS|  |TAMS 0x0000000082000000, 0x0000000081f00000| Complete 
|  32|0x0000000082000000, 0x0000000082100000, 0x0000000082100000|100%|HC|  |TAMS 0x0000000082100000, 0x0000000082000000| Complete 
|  33|0x0000000082100000, 0x0000000082200000, 0x0000000082200000|100%|HC|  |TAMS 0x0000000082200000, 0x0000000082100000| Complete 
|  34|0x0000000082200000, 0x0000000082300000, 0x0000000082300000|100%|HC|  |TAMS 0x0000000082300000, 0x0000000082200000| Complete 
|  35|0x0000000082300000, 0x0000000082400000, 0x0000000082400000|100%| O|  |TAMS 0x0000000082400000, 0x0000000082300000| Untracked 
|  36|0x0000000082400000, 0x0000000082500000, 0x0000000082500000|100%| O|  |TAMS 0x0000000082500000, 0x0000000082400000| Untracked 
|  37|0x0000000082500000, 0x0000000082600000, 0x0000000082600000|100%| O|  |TAMS 0x0000000082600000, 0x0000000082500000| Untracked 
|  38|0x0000000082600000, 0x0000000082700000, 0x0000000082700000|100%| O|  |TAMS 0x0000000082700000, 0x0000000082600000| Untracked 
|  39|0x0000000082700000, 0x0000000082800000, 0x0000000082800000|100%| O|  |TAMS 0x0000000082800000, 0x0000000082700000| Untracked 
|  40|0x0000000082800000, 0x0000000082900000, 0x0000000082900000|100%| O|  |TAMS 0x0000000082900000, 0x0000000082800000| Untracked 
|  41|0x0000000082900000, 0x0000000082a00000, 0x0000000082a00000|100%| O|  |TAMS 0x0000000082a00000, 0x0000000082900000| Untracked 
|  42|0x0000000082a00000, 0x0000000082b00000, 0x0000000082b00000|100%| O|  |TAMS 0x0000000082b00000, 0x0000000082a00000| Untracked 
|  43|0x0000000082b00000, 0x0000000082c00000, 0x0000000082c00000|100%| O|  |TAMS 0x0000000082c00000, 0x0000000082b00000| Untracked 
|  44|0x0000000082c00000, 0x0000000082d00000, 0x0000000082d00000|100%| O|  |TAMS 0x0000000082d00000, 0x0000000082c00000| Untracked 
|  45|0x0000000082d00000, 0x0000000082e00000, 0x0000000082e00000|100%| O|  |TAMS 0x0000000082e00000, 0x0000000082d00000| Untracked 
|  46|0x0000000082e00000, 0x0000000082f00000, 0x0000000082f00000|100%| O|  |TAMS 0x0000000082f00000, 0x0000000082e00000| Untracked 
|  47|0x0000000082f00000, 0x0000000083000000, 0x0000000083000000|100%| O|  |TAMS 0x0000000083000000, 0x0000000082f00000| Untracked 
|  48|0x0000000083000000, 0x0000000083100000, 0x0000000083100000|100%| O|  |TAMS 0x0000000083100000, 0x0000000083000000| Untracked 
|  49|0x0000000083100000, 0x0000000083200000, 0x0000000083200000|100%| O|  |TAMS 0x0000000083200000, 0x0000000083100000| Untracked 
|  50|0x0000000083200000, 0x0000000083300000, 0x0000000083300000|100%| O|  |TAMS 0x0000000083300000, 0x0000000083200000| Untracked 
|  51|0x0000000083300000, 0x0000000083400000, 0x0000000083400000|100%| O|  |TAMS 0x0000000083400000, 0x0000000083300000| Untracked 
|  52|0x0000000083400000, 0x0000000083500000, 0x0000000083500000|100%| O|  |TAMS 0x0000000083500000, 0x0000000083400000| Untracked 
|  53|0x0000000083500000, 0x0000000083600000, 0x0000000083600000|100%| O|  |TAMS 0x0000000083600000, 0x0000000083500000| Untracked 
|  54|0x0000000083600000, 0x0000000083700000, 0x0000000083700000|100%| O|  |TAMS 0x0000000083700000, 0x0000000083600000| Untracked 
|  55|0x0000000083700000, 0x0000000083800000, 0x0000000083800000|100%| O|  |TAMS 0x0000000083800000, 0x0000000083700000| Untracked 
|  56|0x0000000083800000, 0x0000000083900000, 0x0000000083900000|100%| O|  |TAMS 0x0000000083900000, 0x0000000083800000| Untracked 
|  57|0x0000000083900000, 0x0000000083a00000, 0x0000000083a00000|100%| O|  |TAMS 0x0000000083a00000, 0x0000000083900000| Untracked 
|  58|0x0000000083a00000, 0x0000000083b00000, 0x0000000083b00000|100%| O|  |TAMS 0x0000000083b00000, 0x0000000083a00000| Untracked 
|  59|0x0000000083b00000, 0x0000000083c00000, 0x0000000083c00000|100%| O|  |TAMS 0x0000000083c00000, 0x0000000083b00000| Untracked 
|  60|0x0000000083c00000, 0x0000000083d00000, 0x0000000083d00000|100%| O|  |TAMS 0x0000000083d00000, 0x0000000083c00000| Untracked 
|  61|0x0000000083d00000, 0x0000000083e00000, 0x0000000083e00000|100%| O|  |TAMS 0x0000000083e00000, 0x0000000083d00000| Untracked 
|  62|0x0000000083e00000, 0x0000000083f00000, 0x0000000083f00000|100%| O|  |TAMS 0x0000000083f00000, 0x0000000083e00000| Untracked 
|  63|0x0000000083f00000, 0x0000000084000000, 0x0000000084000000|100%| O|  |TAMS 0x0000000084000000, 0x0000000083f00000| Untracked 
|  64|0x0000000084000000, 0x0000000084100000, 0x0000000084100000|100%| O|  |TAMS 0x0000000084100000, 0x0000000084000000| Untracked 
|  65|0x0000000084100000, 0x0000000084200000, 0x0000000084200000|100%| O|  |TAMS 0x0000000084200000, 0x0000000084100000| Untracked 
|  66|0x0000000084200000, 0x0000000084300000, 0x0000000084300000|100%| O|  |TAMS 0x0000000084300000, 0x0000000084200000| Untracked 
|  67|0x0000000084300000, 0x0000000084400000, 0x0000000084400000|100%| O|  |TAMS 0x0000000084400000, 0x0000000084300000| Untracked 
|  68|0x0000000084400000, 0x0000000084500000, 0x0000000084500000|100%| O|  |TAMS 0x0000000084500000, 0x0000000084400000| Untracked 
|  69|0x0000000084500000, 0x0000000084600000, 0x0000000084600000|100%| O|  |TAMS 0x0000000084600000, 0x0000000084500000| Untracked 
|  70|0x0000000084600000, 0x0000000084700000, 0x0000000084700000|100%| O|  |TAMS 0x0000000084700000, 0x0000000084600000| Untracked 
|  71|0x0000000084700000, 0x0000000084800000, 0x0000000084800000|100%| O|  |TAMS 0x0000000084800000, 0x0000000084700000| Untracked 
|  72|0x0000000084800000, 0x0000000084900000, 0x0000000084900000|100%| O|  |TAMS 0x0000000084900000, 0x0000000084800000| Untracked 
|  73|0x0000000084900000, 0x0000000084a00000, 0x0000000084a00000|100%| O|  |TAMS 0x0000000084a00000, 0x0000000084900000| Untracked 
|  74|0x0000000084a00000, 0x0000000084b00000, 0x0000000084b00000|100%| O|  |TAMS 0x0000000084b00000, 0x0000000084a00000| Untracked 
|  75|0x0000000084b00000, 0x0000000084c00000, 0x0000000084c00000|100%| O|  |TAMS 0x0000000084c00000, 0x0000000084b00000| Untracked 
|  76|0x0000000084c00000, 0x0000000084d00000, 0x0000000084d00000|100%| O|  |TAMS 0x0000000084d00000, 0x0000000084c00000| Untracked 
|  77|0x0000000084d00000, 0x0000000084e00000, 0x0000000084e00000|100%| O|  |TAMS 0x0000000084e00000, 0x0000000084d00000| Untracked 
|  78|0x0000000084e00000, 0x0000000084f00000, 0x0000000084f00000|100%| O|  |TAMS 0x0000000084f00000, 0x0000000084e00000| Untracked 
|  79|0x0000000084f00000, 0x0000000085000000, 0x0000000085000000|100%| O|  |TAMS 0x0000000085000000, 0x0000000084f00000| Untracked 
|  80|0x0000000085000000, 0x0000000085100000, 0x0000000085100000|100%| O|  |TAMS 0x0000000085100000, 0x0000000085000000| Untracked 
|  81|0x0000000085100000, 0x0000000085200000, 0x0000000085200000|100%| O|  |TAMS 0x0000000085200000, 0x0000000085100000| Untracked 
|  82|0x0000000085200000, 0x0000000085300000, 0x0000000085300000|100%| O|  |TAMS 0x0000000085300000, 0x0000000085200000| Untracked 
|  83|0x0000000085300000, 0x0000000085400000, 0x0000000085400000|100%| O|  |TAMS 0x0000000085400000, 0x0000000085300000| Untracked 
|  84|0x0000000085400000, 0x0000000085500000, 0x0000000085500000|100%| O|  |TAMS 0x0000000085500000, 0x0000000085400000| Untracked 
|  85|0x0000000085500000, 0x0000000085600000, 0x0000000085600000|100%| O|  |TAMS 0x0000000085600000, 0x0000000085500000| Untracked 
|  86|0x0000000085600000, 0x0000000085700000, 0x0000000085700000|100%| O|  |TAMS 0x0000000085700000, 0x0000000085600000| Untracked 
|  87|0x0000000085700000, 0x0000000085800000, 0x0000000085800000|100%| O|  |TAMS 0x0000000085800000, 0x0000000085700000| Untracked 
|  88|0x0000000085800000, 0x0000000085900000, 0x0000000085900000|100%| O|  |TAMS 0x0000000085900000, 0x0000000085800000| Untracked 
|  89|0x0000000085900000, 0x0000000085a00000, 0x0000000085a00000|100%| O|  |TAMS 0x0000000085a00000, 0x0000000085900000| Untracked 
|  90|0x0000000085a00000, 0x0000000085b00000, 0x0000000085b00000|100%| O|  |TAMS 0x0000000085b00000, 0x0000000085a00000| Untracked 
|  91|0x0000000085b00000, 0x0000000085c00000, 0x0000000085c00000|100%| O|  |TAMS 0x0000000085c00000, 0x0000000085b00000| Untracked 
|  92|0x0000000085c00000, 0x0000000085d00000, 0x0000000085d00000|100%| O|  |TAMS 0x0000000085d00000, 0x0000000085c00000| Untracked 
|  93|0x0000000085d00000, 0x0000000085e00000, 0x0000000085e00000|100%| O|  |TAMS 0x0000000085d00000, 0x0000000085d00000| Untracked 
|  94|0x0000000085e00000, 0x0000000085f00000, 0x0000000085f00000|100%| O|  |TAMS 0x0000000085e00000, 0x0000000085e00000| Untracked 
|  95|0x0000000085f00000, 0x0000000086000000, 0x0000000086000000|100%| O|  |TAMS 0x0000000085f00000, 0x0000000085f00000| Untracked 
|  96|0x0000000086000000, 0x0000000086100000, 0x0000000086100000|100%| O|  |TAMS 0x0000000086000000, 0x0000000086000000| Untracked 
|  97|0x0000000086100000, 0x0000000086143200, 0x0000000086200000| 26%| O|  |TAMS 0x0000000086100000, 0x0000000086100000| Untracked 
|  98|0x0000000086200000, 0x0000000086200000, 0x0000000086300000|  0%| F|  |TAMS 0x0000000086200000, 0x0000000086200000| Untracked 
|  99|0x0000000086300000, 0x0000000086400000, 0x0000000086400000|100%| O|  |TAMS 0x0000000086400000, 0x0000000086300000| Untracked 
| 100|0x0000000086400000, 0x0000000086500000, 0x0000000086500000|100%| O|  |TAMS 0x0000000086500000, 0x0000000086400000| Untracked 
| 101|0x0000000086500000, 0x0000000086500000, 0x0000000086600000|  0%| F|  |TAMS 0x0000000086500000, 0x0000000086500000| Untracked 
| 102|0x0000000086600000, 0x0000000086600000, 0x0000000086700000|  0%| F|  |TAMS 0x0000000086600000, 0x0000000086600000| Untracked 
| 103|0x0000000086700000, 0x0000000086700000, 0x0000000086800000|  0%| F|  |TAMS 0x0000000086700000, 0x0000000086700000| Untracked 
| 104|0x0000000086800000, 0x0000000086800000, 0x0000000086900000|  0%| F|  |TAMS 0x0000000086800000, 0x0000000086800000| Untracked 
| 105|0x0000000086900000, 0x0000000086900000, 0x0000000086a00000|  0%| F|  |TAMS 0x0000000086900000, 0x0000000086900000| Untracked 
| 106|0x0000000086a00000, 0x0000000086a00000, 0x0000000086b00000|  0%| F|  |TAMS 0x0000000086a00000, 0x0000000086a00000| Untracked 
| 107|0x0000000086b00000, 0x0000000086b00000, 0x0000000086c00000|  0%| F|  |TAMS 0x0000000086b00000, 0x0000000086b00000| Untracked 
| 108|0x0000000086c00000, 0x0000000086d00000, 0x0000000086d00000|100%| O|  |TAMS 0x0000000086c00000, 0x0000000086c00000| Untracked 
| 109|0x0000000086d00000, 0x0000000086e00000, 0x0000000086e00000|100%| O|  |TAMS 0x0000000086d00000, 0x0000000086d00000| Untracked 
| 110|0x0000000086e00000, 0x0000000086f00000, 0x0000000086f00000|100%| O|  |TAMS 0x0000000086e00000, 0x0000000086e00000| Untracked 
| 111|0x0000000086f00000, 0x0000000086f00000, 0x0000000087000000|  0%| F|  |TAMS 0x0000000086f00000, 0x0000000086f00000| Untracked 
| 112|0x0000000087000000, 0x0000000087000000, 0x0000000087100000|  0%| F|  |TAMS 0x0000000087000000, 0x0000000087000000| Untracked 
| 113|0x0000000087100000, 0x0000000087100000, 0x0000000087200000|  0%| F|  |TAMS 0x0000000087100000, 0x0000000087100000| Untracked 
| 114|0x0000000087200000, 0x0000000087200000, 0x0000000087300000|  0%| F|  |TAMS 0x0000000087200000, 0x0000000087200000| Untracked 
| 115|0x0000000087300000, 0x0000000087300000, 0x0000000087400000|  0%| F|  |TAMS 0x0000000087300000, 0x0000000087300000| Untracked 
| 116|0x0000000087400000, 0x0000000087400000, 0x0000000087500000|  0%| F|  |TAMS 0x0000000087400000, 0x0000000087400000| Untracked 
| 117|0x0000000087500000, 0x0000000087500000, 0x0000000087600000|  0%| F|  |TAMS 0x0000000087500000, 0x0000000087500000| Untracked 
| 118|0x0000000087600000, 0x0000000087600000, 0x0000000087700000|  0%| F|  |TAMS 0x0000000087600000, 0x0000000087600000| Untracked 
| 119|0x0000000087700000, 0x0000000087700000, 0x0000000087800000|  0%| F|  |TAMS 0x0000000087700000, 0x0000000087700000| Untracked 
| 120|0x0000000087800000, 0x0000000087800000, 0x0000000087900000|  0%| F|  |TAMS 0x0000000087800000, 0x0000000087800000| Untracked 
| 121|0x0000000087900000, 0x0000000087900000, 0x0000000087a00000|  0%| F|  |TAMS 0x0000000087900000, 0x0000000087900000| Untracked 
| 122|0x0000000087a00000, 0x0000000087a00000, 0x0000000087b00000|  0%| F|  |TAMS 0x0000000087a00000, 0x0000000087a00000| Untracked 
| 123|0x0000000087b00000, 0x0000000087b00000, 0x0000000087c00000|  0%| F|  |TAMS 0x0000000087b00000, 0x0000000087b00000| Untracked 
| 124|0x0000000087c00000, 0x0000000087d00000, 0x0000000087d00000|100%| O|  |TAMS 0x0000000087d00000, 0x0000000087c00000| Untracked 
| 125|0x0000000087d00000, 0x0000000087e00000, 0x0000000087e00000|100%| O|  |TAMS 0x0000000087e00000, 0x0000000087d00000| Untracked 
| 126|0x0000000087e00000, 0x0000000087f00000, 0x0000000087f00000|100%| O|  |TAMS 0x0000000087f00000, 0x0000000087e00000| Untracked 
| 127|0x0000000087f00000, 0x0000000088000000, 0x0000000088000000|100%| O|  |TAMS 0x0000000088000000, 0x0000000087f00000| Untracked 
| 128|0x0000000088000000, 0x0000000088100000, 0x0000000088100000|100%| O|  |TAMS 0x0000000088097400, 0x0000000088000000| Untracked 
| 129|0x0000000088100000, 0x0000000088100000, 0x0000000088200000|  0%| F|  |TAMS 0x0000000088100000, 0x0000000088100000| Untracked 
| 130|0x0000000088200000, 0x0000000088200000, 0x0000000088300000|  0%| F|  |TAMS 0x0000000088200000, 0x0000000088200000| Untracked 
| 131|0x0000000088300000, 0x0000000088300000, 0x0000000088400000|  0%| F|  |TAMS 0x0000000088300000, 0x0000000088300000| Untracked 
| 132|0x0000000088400000, 0x0000000088400000, 0x0000000088500000|  0%| F|  |TAMS 0x0000000088400000, 0x0000000088400000| Untracked 
| 133|0x0000000088500000, 0x0000000088500000, 0x0000000088600000|  0%| F|  |TAMS 0x0000000088500000, 0x0000000088500000| Untracked 
| 134|0x0000000088600000, 0x0000000088600000, 0x0000000088700000|  0%| F|  |TAMS 0x0000000088600000, 0x0000000088600000| Untracked 
| 135|0x0000000088700000, 0x0000000088700000, 0x0000000088800000|  0%| F|  |TAMS 0x0000000088700000, 0x0000000088700000| Untracked 
| 136|0x0000000088800000, 0x0000000088800000, 0x0000000088900000|  0%| F|  |TAMS 0x0000000088800000, 0x0000000088800000| Untracked 
| 137|0x0000000088900000, 0x0000000088900000, 0x0000000088a00000|  0%| F|  |TAMS 0x0000000088900000, 0x0000000088900000| Untracked 
| 138|0x0000000088a00000, 0x0000000088a00000, 0x0000000088b00000|  0%| F|  |TAMS 0x0000000088a00000, 0x0000000088a00000| Untracked 
| 139|0x0000000088b00000, 0x0000000088b00000, 0x0000000088c00000|  0%| F|  |TAMS 0x0000000088b00000, 0x0000000088b00000| Untracked 
| 140|0x0000000088c00000, 0x0000000088c00000, 0x0000000088d00000|  0%| F|  |TAMS 0x0000000088c00000, 0x0000000088c00000| Untracked 
| 141|0x0000000088d00000, 0x0000000088d00000, 0x0000000088e00000|  0%| F|  |TAMS 0x0000000088d00000, 0x0000000088d00000| Untracked 
| 142|0x0000000088e00000, 0x0000000088f00000, 0x0000000088f00000|100%| O|  |TAMS 0x0000000088f00000, 0x0000000088e00000| Untracked 
| 143|0x0000000088f00000, 0x0000000088f00000, 0x0000000089000000|  0%| F|  |TAMS 0x0000000088f00000, 0x0000000088f00000| Untracked 
| 144|0x0000000089000000, 0x0000000089100000, 0x0000000089100000|100%| O|  |TAMS 0x0000000089100000, 0x0000000089000000| Untracked 
| 145|0x0000000089100000, 0x0000000089200000, 0x0000000089200000|100%| O|  |TAMS 0x0000000089200000, 0x0000000089100000| Untracked 
| 146|0x0000000089200000, 0x0000000089200000, 0x0000000089300000|  0%| F|  |TAMS 0x0000000089200000, 0x0000000089200000| Untracked 
| 147|0x0000000089300000, 0x0000000089400000, 0x0000000089400000|100%| O|  |TAMS 0x0000000089400000, 0x0000000089300000| Untracked 
| 148|0x0000000089400000, 0x0000000089400000, 0x0000000089500000|  0%| F|  |TAMS 0x0000000089400000, 0x0000000089400000| Untracked 
| 149|0x0000000089500000, 0x0000000089500000, 0x0000000089600000|  0%| F|  |TAMS 0x0000000089500000, 0x0000000089500000| Untracked 
| 150|0x0000000089600000, 0x0000000089600000, 0x0000000089700000|  0%| F|  |TAMS 0x0000000089600000, 0x0000000089600000| Untracked 
| 151|0x0000000089700000, 0x0000000089700000, 0x0000000089800000|  0%| F|  |TAMS 0x0000000089700000, 0x0000000089700000| Untracked 
| 152|0x0000000089800000, 0x0000000089800000, 0x0000000089900000|  0%| F|  |TAMS 0x0000000089800000, 0x0000000089800000| Untracked 
| 153|0x0000000089900000, 0x0000000089900000, 0x0000000089a00000|  0%| F|  |TAMS 0x0000000089900000, 0x0000000089900000| Untracked 
| 154|0x0000000089a00000, 0x0000000089a00000, 0x0000000089b00000|  0%| F|  |TAMS 0x0000000089a00000, 0x0000000089a00000| Untracked 
| 155|0x0000000089b00000, 0x0000000089b00000, 0x0000000089c00000|  0%| F|  |TAMS 0x0000000089b00000, 0x0000000089b00000| Untracked 
| 156|0x0000000089c00000, 0x0000000089c00000, 0x0000000089d00000|  0%| F|  |TAMS 0x0000000089c00000, 0x0000000089c00000| Untracked 
| 157|0x0000000089d00000, 0x0000000089d00000, 0x0000000089e00000|  0%| F|  |TAMS 0x0000000089d00000, 0x0000000089d00000| Untracked 
| 158|0x0000000089e00000, 0x0000000089e00000, 0x0000000089f00000|  0%| F|  |TAMS 0x0000000089e00000, 0x0000000089e00000| Untracked 
| 159|0x0000000089f00000, 0x0000000089f00000, 0x000000008a000000|  0%| F|  |TAMS 0x0000000089f00000, 0x0000000089f00000| Untracked 
| 160|0x000000008a000000, 0x000000008a000000, 0x000000008a100000|  0%| F|  |TAMS 0x000000008a000000, 0x000000008a000000| Untracked 
| 161|0x000000008a100000, 0x000000008a100000, 0x000000008a200000|  0%| F|  |TAMS 0x000000008a100000, 0x000000008a100000| Untracked 
| 162|0x000000008a200000, 0x000000008a200000, 0x000000008a300000|  0%| F|  |TAMS 0x000000008a200000, 0x000000008a200000| Untracked 
| 163|0x000000008a300000, 0x000000008a300000, 0x000000008a400000|  0%| F|  |TAMS 0x000000008a300000, 0x000000008a300000| Untracked 
| 164|0x000000008a400000, 0x000000008a400000, 0x000000008a500000|  0%| F|  |TAMS 0x000000008a400000, 0x000000008a400000| Untracked 
| 165|0x000000008a500000, 0x000000008a500000, 0x000000008a600000|  0%| F|  |TAMS 0x000000008a500000, 0x000000008a500000| Untracked 
| 166|0x000000008a600000, 0x000000008a600000, 0x000000008a700000|  0%| F|  |TAMS 0x000000008a600000, 0x000000008a600000| Untracked 
| 167|0x000000008a700000, 0x000000008a700000, 0x000000008a800000|  0%| F|  |TAMS 0x000000008a700000, 0x000000008a700000| Untracked 
| 168|0x000000008a800000, 0x000000008a800000, 0x000000008a900000|  0%| F|  |TAMS 0x000000008a800000, 0x000000008a800000| Untracked 
| 169|0x000000008a900000, 0x000000008a900000, 0x000000008aa00000|  0%| F|  |TAMS 0x000000008a900000, 0x000000008a900000| Untracked 
| 170|0x000000008aa00000, 0x000000008aa00000, 0x000000008ab00000|  0%| F|  |TAMS 0x000000008aa00000, 0x000000008aa00000| Untracked 
| 171|0x000000008ab00000, 0x000000008ab00000, 0x000000008ac00000|  0%| F|  |TAMS 0x000000008ab00000, 0x000000008ab00000| Untracked 
| 172|0x000000008ac00000, 0x000000008ac00000, 0x000000008ad00000|  0%| F|  |TAMS 0x000000008ac00000, 0x000000008ac00000| Untracked 
| 173|0x000000008ad00000, 0x000000008ad00000, 0x000000008ae00000|  0%| F|  |TAMS 0x000000008ad00000, 0x000000008ad00000| Untracked 
| 174|0x000000008ae00000, 0x000000008ae00000, 0x000000008af00000|  0%| F|  |TAMS 0x000000008ae00000, 0x000000008ae00000| Untracked 
| 175|0x000000008af00000, 0x000000008af00000, 0x000000008b000000|  0%| F|  |TAMS 0x000000008af00000, 0x000000008af00000| Untracked 
| 176|0x000000008b000000, 0x000000008b000000, 0x000000008b100000|  0%| F|  |TAMS 0x000000008b000000, 0x000000008b000000| Untracked 
| 177|0x000000008b100000, 0x000000008b100000, 0x000000008b200000|  0%| F|  |TAMS 0x000000008b100000, 0x000000008b100000| Untracked 
| 178|0x000000008b200000, 0x000000008b200000, 0x000000008b300000|  0%| F|  |TAMS 0x000000008b200000, 0x000000008b200000| Untracked 
| 179|0x000000008b300000, 0x000000008b300000, 0x000000008b400000|  0%| F|  |TAMS 0x000000008b300000, 0x000000008b300000| Untracked 
| 180|0x000000008b400000, 0x000000008b400000, 0x000000008b500000|  0%| F|  |TAMS 0x000000008b400000, 0x000000008b400000| Untracked 
| 181|0x000000008b500000, 0x000000008b500000, 0x000000008b600000|  0%| F|  |TAMS 0x000000008b500000, 0x000000008b500000| Untracked 
| 182|0x000000008b600000, 0x000000008b600000, 0x000000008b700000|  0%| F|  |TAMS 0x000000008b600000, 0x000000008b600000| Untracked 
| 183|0x000000008b700000, 0x000000008b700000, 0x000000008b800000|  0%| F|  |TAMS 0x000000008b700000, 0x000000008b700000| Untracked 
| 184|0x000000008b800000, 0x000000008b800000, 0x000000008b900000|  0%| F|  |TAMS 0x000000008b800000, 0x000000008b800000| Untracked 
| 185|0x000000008b900000, 0x000000008b900000, 0x000000008ba00000|  0%| F|  |TAMS 0x000000008b900000, 0x000000008b900000| Untracked 
| 186|0x000000008ba00000, 0x000000008ba00000, 0x000000008bb00000|  0%| F|  |TAMS 0x000000008ba00000, 0x000000008ba00000| Untracked 
| 187|0x000000008bb00000, 0x000000008bb00000, 0x000000008bc00000|  0%| F|  |TAMS 0x000000008bb00000, 0x000000008bb00000| Untracked 
| 188|0x000000008bc00000, 0x000000008bc00000, 0x000000008bd00000|  0%| F|  |TAMS 0x000000008bc00000, 0x000000008bc00000| Untracked 
| 189|0x000000008bd00000, 0x000000008bd00000, 0x000000008be00000|  0%| F|  |TAMS 0x000000008bd00000, 0x000000008bd00000| Untracked 
| 190|0x000000008be00000, 0x000000008be00000, 0x000000008bf00000|  0%| F|  |TAMS 0x000000008be00000, 0x000000008be00000| Untracked 
| 191|0x000000008bf00000, 0x000000008bf00000, 0x000000008c000000|  0%| F|  |TAMS 0x000000008bf00000, 0x000000008bf00000| Untracked 
| 192|0x000000008c000000, 0x000000008c000000, 0x000000008c100000|  0%| F|  |TAMS 0x000000008c000000, 0x000000008c000000| Untracked 
| 193|0x000000008c100000, 0x000000008c100000, 0x000000008c200000|  0%| F|  |TAMS 0x000000008c100000, 0x000000008c100000| Untracked 
| 194|0x000000008c200000, 0x000000008c2742a0, 0x000000008c300000| 45%| S|CS|TAMS 0x000000008c200000, 0x000000008c200000| Complete 
| 195|0x000000008c300000, 0x000000008c400000, 0x000000008c400000|100%| S|CS|TAMS 0x000000008c300000, 0x000000008c300000| Complete 
| 196|0x000000008c400000, 0x000000008c500000, 0x000000008c500000|100%| S|CS|TAMS 0x000000008c400000, 0x000000008c400000| Complete 
| 197|0x000000008c500000, 0x000000008c500000, 0x000000008c600000|  0%| F|  |TAMS 0x000000008c500000, 0x000000008c500000| Untracked 
| 198|0x000000008c600000, 0x000000008c600000, 0x000000008c700000|  0%| F|  |TAMS 0x000000008c600000, 0x000000008c600000| Untracked 
| 199|0x000000008c700000, 0x000000008c700000, 0x000000008c800000|  0%| F|  |TAMS 0x000000008c700000, 0x000000008c700000| Untracked 
| 200|0x000000008c800000, 0x000000008c800000, 0x000000008c900000|  0%| F|  |TAMS 0x000000008c800000, 0x000000008c800000| Untracked 
| 201|0x000000008c900000, 0x000000008c900000, 0x000000008ca00000|  0%| F|  |TAMS 0x000000008c900000, 0x000000008c900000| Untracked 
| 202|0x000000008ca00000, 0x000000008ca00000, 0x000000008cb00000|  0%| F|  |TAMS 0x000000008ca00000, 0x000000008ca00000| Untracked 
| 203|0x000000008cb00000, 0x000000008cb00000, 0x000000008cc00000|  0%| F|  |TAMS 0x000000008cb00000, 0x000000008cb00000| Untracked 
| 204|0x000000008cc00000, 0x000000008cc00000, 0x000000008cd00000|  0%| F|  |TAMS 0x000000008cc00000, 0x000000008cc00000| Untracked 
| 205|0x000000008cd00000, 0x000000008cd00000, 0x000000008ce00000|  0%| F|  |TAMS 0x000000008cd00000, 0x000000008cd00000| Untracked 
| 206|0x000000008ce00000, 0x000000008ce00000, 0x000000008cf00000|  0%| F|  |TAMS 0x000000008ce00000, 0x000000008ce00000| Untracked 
| 207|0x000000008cf00000, 0x000000008cf00000, 0x000000008d000000|  0%| F|  |TAMS 0x000000008cf00000, 0x000000008cf00000| Untracked 
| 208|0x000000008d000000, 0x000000008d000000, 0x000000008d100000|  0%| F|  |TAMS 0x000000008d000000, 0x000000008d000000| Untracked 
| 209|0x000000008d100000, 0x000000008d100000, 0x000000008d200000|  0%| F|  |TAMS 0x000000008d100000, 0x000000008d100000| Untracked 
| 210|0x000000008d200000, 0x000000008d200000, 0x000000008d300000|  0%| F|  |TAMS 0x000000008d200000, 0x000000008d200000| Untracked 
| 211|0x000000008d300000, 0x000000008d300000, 0x000000008d400000|  0%| F|  |TAMS 0x000000008d300000, 0x000000008d300000| Untracked 
| 212|0x000000008d400000, 0x000000008d400000, 0x000000008d500000|  0%| F|  |TAMS 0x000000008d400000, 0x000000008d400000| Untracked 
| 213|0x000000008d500000, 0x000000008d500000, 0x000000008d600000|  0%| F|  |TAMS 0x000000008d500000, 0x000000008d500000| Untracked 
| 214|0x000000008d600000, 0x000000008d600000, 0x000000008d700000|  0%| F|  |TAMS 0x000000008d600000, 0x000000008d600000| Untracked 
| 215|0x000000008d700000, 0x000000008d700000, 0x000000008d800000|  0%| F|  |TAMS 0x000000008d700000, 0x000000008d700000| Untracked 
| 216|0x000000008d800000, 0x000000008d800000, 0x000000008d900000|  0%| F|  |TAMS 0x000000008d800000, 0x000000008d800000| Untracked 
| 217|0x000000008d900000, 0x000000008d900000, 0x000000008da00000|  0%| F|  |TAMS 0x000000008d900000, 0x000000008d900000| Untracked 
| 218|0x000000008da00000, 0x000000008da00000, 0x000000008db00000|  0%| F|  |TAMS 0x000000008da00000, 0x000000008da00000| Untracked 
| 219|0x000000008db00000, 0x000000008db00000, 0x000000008dc00000|  0%| F|  |TAMS 0x000000008db00000, 0x000000008db00000| Untracked 
| 220|0x000000008dc00000, 0x000000008dc00000, 0x000000008dd00000|  0%| F|  |TAMS 0x000000008dc00000, 0x000000008dc00000| Untracked 
| 221|0x000000008dd00000, 0x000000008dd00000, 0x000000008de00000|  0%| F|  |TAMS 0x000000008dd00000, 0x000000008dd00000| Untracked 
| 222|0x000000008de00000, 0x000000008de00000, 0x000000008df00000|  0%| F|  |TAMS 0x000000008de00000, 0x000000008de00000| Untracked 
| 223|0x000000008df00000, 0x000000008df00000, 0x000000008e000000|  0%| F|  |TAMS 0x000000008df00000, 0x000000008df00000| Untracked 
| 224|0x000000008e000000, 0x000000008e000000, 0x000000008e100000|  0%| F|  |TAMS 0x000000008e000000, 0x000000008e000000| Untracked 
| 225|0x000000008e100000, 0x000000008e100000, 0x000000008e200000|  0%| F|  |TAMS 0x000000008e100000, 0x000000008e100000| Untracked 
| 226|0x000000008e200000, 0x000000008e200000, 0x000000008e300000|  0%| F|  |TAMS 0x000000008e200000, 0x000000008e200000| Untracked 
| 227|0x000000008e300000, 0x000000008e300000, 0x000000008e400000|  0%| F|  |TAMS 0x000000008e300000, 0x000000008e300000| Untracked 
| 228|0x000000008e400000, 0x000000008e400000, 0x000000008e500000|  0%| F|  |TAMS 0x000000008e400000, 0x000000008e400000| Untracked 
| 229|0x000000008e500000, 0x000000008e500000, 0x000000008e600000|  0%| F|  |TAMS 0x000000008e500000, 0x000000008e500000| Untracked 
| 230|0x000000008e600000, 0x000000008e600000, 0x000000008e700000|  0%| F|  |TAMS 0x000000008e600000, 0x000000008e600000| Untracked 
| 231|0x000000008e700000, 0x000000008e700000, 0x000000008e800000|  0%| F|  |TAMS 0x000000008e700000, 0x000000008e700000| Untracked 
| 232|0x000000008e800000, 0x000000008e800000, 0x000000008e900000|  0%| F|  |TAMS 0x000000008e800000, 0x000000008e800000| Untracked 
| 233|0x000000008e900000, 0x000000008e900000, 0x000000008ea00000|  0%| F|  |TAMS 0x000000008e900000, 0x000000008e900000| Untracked 
| 234|0x000000008ea00000, 0x000000008ea00000, 0x000000008eb00000|  0%| F|  |TAMS 0x000000008ea00000, 0x000000008ea00000| Untracked 
| 235|0x000000008eb00000, 0x000000008eb00000, 0x000000008ec00000|  0%| F|  |TAMS 0x000000008eb00000, 0x000000008eb00000| Untracked 
| 236|0x000000008ec00000, 0x000000008ec00000, 0x000000008ed00000|  0%| F|  |TAMS 0x000000008ec00000, 0x000000008ec00000| Untracked 
| 237|0x000000008ed00000, 0x000000008ed00000, 0x000000008ee00000|  0%| F|  |TAMS 0x000000008ed00000, 0x000000008ed00000| Untracked 
| 238|0x000000008ee00000, 0x000000008eef8e48, 0x000000008ef00000| 97%| E|  |TAMS 0x000000008ee00000, 0x000000008ee00000| Complete 
| 239|0x000000008ef00000, 0x000000008f000000, 0x000000008f000000|100%| E|CS|TAMS 0x000000008ef00000, 0x000000008ef00000| Complete 
| 240|0x000000008f000000, 0x000000008f100000, 0x000000008f100000|100%| E|CS|TAMS 0x000000008f000000, 0x000000008f000000| Complete 
| 241|0x000000008f100000, 0x000000008f200000, 0x000000008f200000|100%| E|CS|TAMS 0x000000008f100000, 0x000000008f100000| Complete 
| 242|0x000000008f200000, 0x000000008f300000, 0x000000008f300000|100%| E|CS|TAMS 0x000000008f200000, 0x000000008f200000| Complete 
| 243|0x000000008f300000, 0x000000008f400000, 0x000000008f400000|100%| E|CS|TAMS 0x000000008f300000, 0x000000008f300000| Complete 
| 244|0x000000008f400000, 0x000000008f500000, 0x000000008f500000|100%| E|CS|TAMS 0x000000008f400000, 0x000000008f400000| Complete 
| 245|0x000000008f500000, 0x000000008f600000, 0x000000008f600000|100%| E|CS|TAMS 0x000000008f500000, 0x000000008f500000| Complete 
| 246|0x000000008f600000, 0x000000008f700000, 0x000000008f700000|100%| E|CS|TAMS 0x000000008f600000, 0x000000008f600000| Complete 
| 247|0x000000008f700000, 0x000000008f800000, 0x000000008f800000|100%| E|CS|TAMS 0x000000008f700000, 0x000000008f700000| Complete 
| 248|0x000000008f800000, 0x000000008f900000, 0x000000008f900000|100%| E|CS|TAMS 0x000000008f800000, 0x000000008f800000| Complete 
| 249|0x000000008f900000, 0x000000008fa00000, 0x000000008fa00000|100%| E|CS|TAMS 0x000000008f900000, 0x000000008f900000| Complete 
| 250|0x000000008fa00000, 0x000000008fb00000, 0x000000008fb00000|100%| E|CS|TAMS 0x000000008fa00000, 0x000000008fa00000| Complete 
| 251|0x000000008fb00000, 0x000000008fc00000, 0x000000008fc00000|100%| E|CS|TAMS 0x000000008fb00000, 0x000000008fb00000| Complete 
| 252|0x000000008fc00000, 0x000000008fcfffd0, 0x000000008fd00000| 99%| E|  |TAMS 0x000000008fc00000, 0x000000008fc00000| Complete 
| 253|0x000000008fd00000, 0x000000008fe00000, 0x000000008fe00000|100%| E|CS|TAMS 0x000000008fd00000, 0x000000008fd00000| Complete 
| 254|0x000000008fe00000, 0x000000008ff00000, 0x000000008ff00000|100%| E|CS|TAMS 0x000000008fe00000, 0x000000008fe00000| Complete 
| 255|0x000000008ff00000, 0x0000000090000000, 0x0000000090000000|100%| E|CS|TAMS 0x000000008ff00000, 0x000000008ff00000| Complete 
| 256|0x0000000090000000, 0x0000000090100000, 0x0000000090100000|100%| E|CS|TAMS 0x0000000090000000, 0x0000000090000000| Complete 
| 257|0x0000000090100000, 0x0000000090200000, 0x0000000090200000|100%| E|CS|TAMS 0x0000000090100000, 0x0000000090100000| Complete 

Card table byte_map: [0x000001f6e13a0000,0x000001f6e17a0000] _byte_map_base: 0x000001f6e0fa0000

Marking Bits (Prev, Next): (CMBitMap*) 0x000001f6ce185588, (CMBitMap*) 0x000001f6ce1855c0
 Prev Bits: [0x000001f6e1ba0000, 0x000001f6e3ba0000)
 Next Bits: [0x000001f6e3ba0000, 0x000001f6e5ba0000)

Polling page: 0x000001f6cd920000

Metaspace:

Usage:
  Non-class:     87.90 MB capacity,    86.24 MB ( 98%) used,     1.35 MB (  2%) free+waste,   317.25 KB ( <1%) overhead. 
      Class:     13.55 MB capacity,    12.52 MB ( 92%) used,   908.78 KB (  7%) free+waste,   144.44 KB (  1%) overhead. 
       Both:    101.45 MB capacity,    98.76 MB ( 97%) used,     2.24 MB (  2%) free+waste,   461.69 KB ( <1%) overhead. 

Virtual space:
  Non-class space:       92.00 MB reserved,      88.02 MB ( 96%) committed 
      Class space:        1.00 GB reserved,      13.65 MB (  1%) committed 
             Both:        1.09 GB reserved,     101.67 MB (  9%) committed 

Chunk freelists:
   Non-Class:  61.00 KB
       Class:  45.00 KB
        Both:  106.00 KB

MaxMetaspaceSize: 17179869184.00 GB
CompressedClassSpaceSize: 1.00 GB
Initial GC threshold: 20.80 MB
Current GC threshold: 163.00 MB
CDS: off

CodeHeap 'non-profiled nmethods': size=120000Kb used=8481Kb max_used=8481Kb free=111518Kb
 bounds [0x000001f6d9740000, 0x000001f6d9f90000, 0x000001f6e0c70000]
CodeHeap 'profiled nmethods': size=120000Kb used=28401Kb max_used=28401Kb free=91598Kb
 bounds [0x000001f6d2210000, 0x000001f6d3dd0000, 0x000001f6d9740000]
CodeHeap 'non-nmethods': size=5760Kb used=2424Kb max_used=2469Kb free=3335Kb
 bounds [0x000001f6d1c70000, 0x000001f6d1ef0000, 0x000001f6d2210000]
 total_blobs=14235 nmethods=13292 adapters=853
 compilation: enabled
              stopped_count=0, restarted_count=0
 full_count=0

Compilation events (20 events):
Event: 15.514 Thread 0x000001f6e8e81800 13419       1       java.util.HashMap::loadFactor (5 bytes)
Event: 15.515 Thread 0x000001f6e8e81800 nmethod 13419 0x000001f6d9f87f90 code [0x000001f6d9f88140, 0x000001f6d9f881f8]
Event: 15.515 Thread 0x000001f6e8e81800 13423       1       org.gradle.internal.snapshot.SingletonChildMap::isEmpty (2 bytes)
Event: 15.515 Thread 0x000001f6e8e81800 nmethod 13423 0x000001f6d9f88290 code [0x000001f6d9f88440, 0x000001f6d9f884f8]
Event: 15.518 Thread 0x000001f6e8e81800 13424       2       java.util.EnumSet::getUniverse (10 bytes)
Event: 15.518 Thread 0x000001f6e8e81800 nmethod 13424 0x000001f6d3dc8810 code [0x000001f6d3dc89e0, 0x000001f6d3dc8b48]
Event: 15.519 Thread 0x000001f6e8e81800 13425       2       org.gradle.execution.plan.ValuedVfsHierarchy::visitValuesRelatedTo (40 bytes)
Event: 15.520 Thread 0x000001f6e8e81800 nmethod 13425 0x000001f6d3dc8c90 code [0x000001f6d3dc8e80, 0x000001f6d3dc9298]
Event: 15.520 Thread 0x000001f6e8e81800 13426       2       org.gradle.execution.plan.ValuedVfsHierarchy$$Lambda$923/0x0000000100bbcc40::get$Lambda (10 bytes)
Event: 15.520 Thread 0x000001f6e8e81800 nmethod 13426 0x000001f6d3dc9410 code [0x000001f6d3dc95c0, 0x000001f6d3dc97b8]
Event: 15.520 Thread 0x000001f6e8e81800 13427       2       org.gradle.execution.plan.ValuedVfsHierarchy$$Lambda$923/0x0000000100bbcc40::<init> (15 bytes)
Event: 15.520 Thread 0x000001f6e8e81800 nmethod 13427 0x000001f6d3dc9890 code [0x000001f6d3dc9a40, 0x000001f6d3dc9bd8]
Event: 15.521 Thread 0x000001f6e8e81800 13428       2       org.gradle.internal.service.DefaultServiceRegistry$SingletonService::isFactory (146 bytes)
Event: 15.522 Thread 0x000001f6e8e81800 nmethod 13428 0x000001f6d3dc9c90 code [0x000001f6d3dc9f20, 0x000001f6d3dca618]
Event: 15.522 Thread 0x000001f6e8e81800 13429       2       org.gradle.api.internal.tasks.properties.AbstractPropertyNode::findNodeCreatingCycle (33 bytes)
Event: 15.522 Thread 0x000001f6e8e81800 nmethod 13429 0x000001f6d3dcaa10 code [0x000001f6d3dcac00, 0x000001f6d3dcaf08]
Event: 15.522 Thread 0x000001f6e8e81800 13430       2       org.gradle.api.internal.tasks.properties.bean.RuntimeBeanNode::getNodeValue (5 bytes)
Event: 15.522 Thread 0x000001f6e8e81800 nmethod 13430 0x000001f6d3dcb090 code [0x000001f6d3dcb240, 0x000001f6d3dcb338]
Event: 15.525 Thread 0x000001f6e8e81800 13431       2       kotlin.reflect.jvm.internal.ReflectProperties$Val::<init> (5 bytes)
Event: 15.525 Thread 0x000001f6e8e81800 nmethod 13431 0x000001f6d3dcb410 code [0x000001f6d3dcb5c0, 0x000001f6d3dcb6b8]

GC Heap History (20 events):
Event: 13.563 GC heap before
{Heap before GC invocations=30 (full 0):
 garbage-first heap   total 183296K, used 142970K [0x0000000080000000, 0x0000000100000000)
  region size 1024K, 31 young (31744K), 3 survivors (3072K)
 Metaspace       used 92656K, capacity 95115K, committed 95920K, reserved 1132544K
  class space    used 12009K, capacity 12961K, committed 13208K, reserved 1048576K
}
Event: 13.571 GC heap after
{Heap after GC invocations=31 (full 0):
 garbage-first heap   total 183296K, used 120146K [0x0000000080000000, 0x0000000100000000)
  region size 1024K, 4 young (4096K), 4 survivors (4096K)
 Metaspace       used 92656K, capacity 95115K, committed 95920K, reserved 1132544K
  class space    used 12009K, capacity 12961K, committed 13208K, reserved 1048576K
}
Event: 13.770 GC heap before
{Heap before GC invocations=31 (full 0):
 garbage-first heap   total 183296K, used 133458K [0x0000000080000000, 0x0000000100000000)
  region size 1024K, 19 young (19456K), 4 survivors (4096K)
 Metaspace       used 93055K, capacity 95533K, committed 96176K, reserved 1132544K
  class space    used 12043K, capacity 12994K, committed 13208K, reserved 1048576K
}
Event: 13.779 GC heap after
{Heap after GC invocations=32 (full 0):
 garbage-first heap   total 220160K, used 123937K [0x0000000080000000, 0x0000000100000000)
  region size 1024K, 3 young (3072K), 3 survivors (3072K)
 Metaspace       used 93055K, capacity 95533K, committed 96176K, reserved 1132544K
  class space    used 12043K, capacity 12994K, committed 13208K, reserved 1048576K
}
Event: 14.192 GC heap before
{Heap before GC invocations=33 (full 0):
 garbage-first heap   total 220160K, used 162849K [0x0000000080000000, 0x0000000100000000)
  region size 1024K, 34 young (34816K), 3 survivors (3072K)
 Metaspace       used 93296K, capacity 95773K, committed 96432K, reserved 1132544K
  class space    used 12064K, capacity 13008K, committed 13208K, reserved 1048576K
}
Event: 14.200 GC heap after
{Heap after GC invocations=34 (full 0):
 garbage-first heap   total 220160K, used 127397K [0x0000000080000000, 0x0000000100000000)
  region size 1024K, 5 young (5120K), 5 survivors (5120K)
 Metaspace       used 93296K, capacity 95773K, committed 96432K, reserved 1132544K
  class space    used 12064K, capacity 13008K, committed 13208K, reserved 1048576K
}
Event: 14.290 GC heap before
{Heap before GC invocations=34 (full 0):
 garbage-first heap   total 220160K, used 137637K [0x0000000080000000, 0x0000000100000000)
  region size 1024K, 16 young (16384K), 5 survivors (5120K)
 Metaspace       used 93323K, capacity 95773K, committed 96432K, reserved 1132544K
  class space    used 12067K, capacity 13008K, committed 13208K, reserved 1048576K
}
Event: 14.300 GC heap after
{Heap after GC invocations=35 (full 0):
 garbage-first heap   total 220160K, used 133120K [0x0000000080000000, 0x0000000100000000)
  region size 1024K, 5 young (5120K), 5 survivors (5120K)
 Metaspace       used 93323K, capacity 95773K, committed 96432K, reserved 1132544K
  class space    used 12067K, capacity 13008K, committed 13208K, reserved 1048576K
}
Event: 14.502 GC heap before
{Heap before GC invocations=36 (full 0):
 garbage-first heap   total 220160K, used 177152K [0x0000000080000000, 0x0000000100000000)
  region size 1024K, 31 young (31744K), 5 survivors (5120K)
 Metaspace       used 93949K, capacity 96533K, committed 97072K, reserved 1132544K
  class space    used 12127K, capacity 13138K, committed 13336K, reserved 1048576K
}
Event: 14.506 GC heap after
{Heap after GC invocations=37 (full 0):
 garbage-first heap   total 220160K, used 137551K [0x0000000080000000, 0x0000000100000000)
  region size 1024K, 4 young (4096K), 4 survivors (4096K)
 Metaspace       used 93949K, capacity 96533K, committed 97072K, reserved 1132544K
  class space    used 12127K, capacity 13138K, committed 13336K, reserved 1048576K
}
Event: 14.669 GC heap before
{Heap before GC invocations=37 (full 0):
 garbage-first heap   total 220160K, used 163151K [0x0000000080000000, 0x0000000100000000)
  region size 1024K, 30 young (30720K), 4 survivors (4096K)
 Metaspace       used 96915K, capacity 99558K, committed 99888K, reserved 1136640K
  class space    used 12388K, capacity 13411K, committed 13592K, reserved 1048576K
}
Event: 14.676 GC heap after
{Heap after GC invocations=38 (full 0):
 garbage-first heap   total 220160K, used 141526K [0x0000000080000000, 0x0000000100000000)
  region size 1024K, 4 young (4096K), 4 survivors (4096K)
 Metaspace       used 96915K, capacity 99558K, committed 99888K, reserved 1136640K
  class space    used 12388K, capacity 13411K, committed 13592K, reserved 1048576K
}
Event: 14.840 GC heap before
{Heap before GC invocations=39 (full 0):
 garbage-first heap   total 220160K, used 154838K [0x0000000080000000, 0x0000000100000000)
  region size 1024K, 30 young (30720K), 4 survivors (4096K)
 Metaspace       used 97223K, capacity 99886K, committed 100400K, reserved 1136640K
  class space    used 12388K, capacity 13411K, committed 13592K, reserved 1048576K
}
Event: 14.845 GC heap after
{Heap after GC invocations=40 (full 0):
 garbage-first heap   total 264192K, used 130727K [0x0000000080000000, 0x0000000100000000)
  region size 1024K, 4 young (4096K), 4 survivors (4096K)
 Metaspace       used 97223K, capacity 99886K, committed 100400K, reserved 1136640K
  class space    used 12388K, capacity 13411K, committed 13592K, reserved 1048576K
}
Event: 14.874 GC heap before
{Heap before GC invocations=40 (full 0):
 garbage-first heap   total 264192K, used 138919K [0x0000000080000000, 0x0000000100000000)
  region size 1024K, 12 young (12288K), 4 survivors (4096K)
 Metaspace       used 97245K, capacity 99891K, committed 100400K, reserved 1136640K
  class space    used 12388K, capacity 13411K, committed 13592K, reserved 1048576K
}
Event: 14.877 GC heap after
{Heap after GC invocations=41 (full 0):
 garbage-first heap   total 264192K, used 112270K [0x0000000080000000, 0x0000000100000000)
  region size 1024K, 2 young (2048K), 2 survivors (2048K)
 Metaspace       used 97245K, capacity 99891K, committed 100400K, reserved 1136640K
  class space    used 12388K, capacity 13411K, committed 13592K, reserved 1048576K
}
Event: 15.082 GC heap before
{Heap before GC invocations=41 (full 0):
 garbage-first heap   total 264192K, used 165518K [0x0000000080000000, 0x0000000100000000)
  region size 1024K, 54 young (55296K), 2 survivors (2048K)
 Metaspace       used 98188K, capacity 100874K, committed 101296K, reserved 1136640K
  class space    used 12463K, capacity 13524K, committed 13720K, reserved 1048576K
}
Event: 15.088 GC heap after
{Heap after GC invocations=42 (full 0):
 garbage-first heap   total 264192K, used 116923K [0x0000000080000000, 0x0000000100000000)
  region size 1024K, 6 young (6144K), 6 survivors (6144K)
 Metaspace       used 98188K, capacity 100874K, committed 101296K, reserved 1136640K
  class space    used 12463K, capacity 13524K, committed 13720K, reserved 1048576K
}
Event: 15.399 GC heap before
{Heap before GC invocations=42 (full 0):
 garbage-first heap   total 264192K, used 172219K [0x0000000080000000, 0x0000000100000000)
  region size 1024K, 61 young (62464K), 6 survivors (6144K)
 Metaspace       used 100150K, capacity 102830K, committed 102960K, reserved 1138688K
  class space    used 12693K, capacity 13739K, committed 13848K, reserved 1048576K
}
Event: 15.403 GC heap after
{Heap after GC invocations=43 (full 0):
 garbage-first heap   total 264192K, used 116445K [0x0000000080000000, 0x0000000100000000)
  region size 1024K, 3 young (3072K), 3 survivors (3072K)
 Metaspace       used 100150K, capacity 102830K, committed 102960K, reserved 1138688K
  class space    used 12693K, capacity 13739K, committed 13848K, reserved 1048576K
}

Deoptimization events (20 events):
Event: 15.350 Thread 0x000001f6e97ca800 DEOPT PACKING pc=0x000001f6d9e78a94 sp=0x000000ed6f6fa1c0
Event: 15.350 Thread 0x000001f6e97ca800 DEOPT UNPACKING pc=0x000001f6d1c785af sp=0x000000ed6f6fa118 mode 2
Event: 15.367 Thread 0x000001f6e97ca800 Uncommon trap: trap_request=0xffffff4d fr.pc=0x000001f6d9ef01a4 relative=0x00000000000003c4
Event: 15.367 Thread 0x000001f6e97ca800 Uncommon trap: reason=unstable_if action=reinterpret pc=0x000001f6d9ef01a4 method=org.apache.xerces.dom.AttrImpl.setValue(Ljava/lang/String;)V @ 77 c2
Event: 15.367 Thread 0x000001f6e97ca800 DEOPT PACKING pc=0x000001f6d9ef01a4 sp=0x000000ed6f6fa550
Event: 15.367 Thread 0x000001f6e97ca800 DEOPT UNPACKING pc=0x000001f6d1c785af sp=0x000000ed6f6fa4f8 mode 2
Event: 15.373 Thread 0x000001f6e97ca800 DEOPT PACKING pc=0x000001f6d3a8fbb1 sp=0x000000ed6f6fa770
Event: 15.373 Thread 0x000001f6e97ca800 DEOPT UNPACKING pc=0x000001f6d1cb9d0e sp=0x000000ed6f6f9c40 mode 0
Event: 15.391 Thread 0x000001f6e97ca800 Uncommon trap: trap_request=0xffffff4d fr.pc=0x000001f6d9de9770 relative=0x0000000000000210
Event: 15.391 Thread 0x000001f6e97ca800 Uncommon trap: reason=unstable_if action=reinterpret pc=0x000001f6d9de9770 method=java.util.regex.Matcher.match(II)Z @ 30 c2
Event: 15.391 Thread 0x000001f6e97ca800 DEOPT PACKING pc=0x000001f6d9de9770 sp=0x000000ed6f6fa730
Event: 15.391 Thread 0x000001f6e97ca800 DEOPT UNPACKING pc=0x000001f6d1c785af sp=0x000000ed6f6fa6b8 mode 2
Event: 15.459 Thread 0x000001f6e97ca800 Uncommon trap: trap_request=0xffffff4d fr.pc=0x000001f6d9b003f0 relative=0x00000000000006b0
Event: 15.459 Thread 0x000001f6e97ca800 Uncommon trap: reason=unstable_if action=reinterpret pc=0x000001f6d9b003f0 method=java.lang.AbstractStringBuilder.append(Ljava/lang/String;)Ljava/lang/AbstractStringBuilder; @ 1 c2
Event: 15.459 Thread 0x000001f6e97ca800 DEOPT PACKING pc=0x000001f6d9b003f0 sp=0x000000ed6f6fa390
Event: 15.459 Thread 0x000001f6e97ca800 DEOPT UNPACKING pc=0x000001f6d1c785af sp=0x000000ed6f6fa368 mode 2
Event: 15.479 Thread 0x000001f6e97ca800 Uncommon trap: trap_request=0xffffff4d fr.pc=0x000001f6d9eaa120 relative=0x0000000000000d20
Event: 15.479 Thread 0x000001f6e97ca800 Uncommon trap: reason=unstable_if action=reinterpret pc=0x000001f6d9eaa120 method=java.util.HashMap.removeNode(ILjava/lang/Object;Ljava/lang/Object;ZZ)Ljava/util/HashMap$Node; @ 71 c2
Event: 15.479 Thread 0x000001f6e97ca800 DEOPT PACKING pc=0x000001f6d9eaa120 sp=0x000000ed6f6fa630
Event: 15.479 Thread 0x000001f6e97ca800 DEOPT UNPACKING pc=0x000001f6d1c785af sp=0x000000ed6f6fa560 mode 2

Classes redefined (0 events):
No events

Internal exceptions (20 events):
Event: 15.068 Thread 0x000001f6e97c8000 Exception <a 'sun/nio/fs/WindowsException'{0x000000008d2c5968}> (0x000000008d2c5968) thrown at [src/hotspot/share/prims/jni.cpp, line 617]
Event: 15.069 Thread 0x000001f6e97c8000 Exception <a 'sun/nio/fs/WindowsException'{0x000000008cfc4628}> (0x000000008cfc4628) thrown at [src/hotspot/share/prims/jni.cpp, line 617]
Event: 15.070 Thread 0x000001f6e97c8000 Exception <a 'sun/nio/fs/WindowsException'{0x000000008cfc58d0}> (0x000000008cfc58d0) thrown at [src/hotspot/share/prims/jni.cpp, line 617]
Event: 15.072 Thread 0x000001f6e97c8000 Exception <a 'sun/nio/fs/WindowsException'{0x000000008cfc6c90}> (0x000000008cfc6c90) thrown at [src/hotspot/share/prims/jni.cpp, line 617]
Event: 15.073 Thread 0x000001f6e97c8000 Exception <a 'sun/nio/fs/WindowsException'{0x000000008cfc7e98}> (0x000000008cfc7e98) thrown at [src/hotspot/share/prims/jni.cpp, line 617]
Event: 15.074 Thread 0x000001f6e97c8000 Exception <a 'sun/nio/fs/WindowsException'{0x000000008cfc9040}> (0x000000008cfc9040) thrown at [src/hotspot/share/prims/jni.cpp, line 617]
Event: 15.075 Thread 0x000001f6e97c8000 Exception <a 'sun/nio/fs/WindowsException'{0x000000008cfca268}> (0x000000008cfca268) thrown at [src/hotspot/share/prims/jni.cpp, line 617]
Event: 15.077 Thread 0x000001f6e97c8000 Exception <a 'sun/nio/fs/WindowsException'{0x000000008cfcb4e0}> (0x000000008cfcb4e0) thrown at [src/hotspot/share/prims/jni.cpp, line 617]
Event: 15.078 Thread 0x000001f6e97c8000 Exception <a 'sun/nio/fs/WindowsException'{0x000000008cfcc720}> (0x000000008cfcc720) thrown at [src/hotspot/share/prims/jni.cpp, line 617]
Event: 15.121 Thread 0x000001f6e97c8000 Exception <a 'sun/nio/fs/WindowsException'{0x000000008f604788}> (0x000000008f604788) thrown at [src/hotspot/share/prims/jni.cpp, line 617]
Event: 15.121 Thread 0x000001f6e97c8000 Exception <a 'sun/nio/fs/WindowsException'{0x000000008f605618}> (0x000000008f605618) thrown at [src/hotspot/share/prims/jni.cpp, line 617]
Event: 15.203 Thread 0x000001f6e97ca800 Exception <a 'sun/nio/fs/WindowsException'{0x000000008e76caa0}> (0x000000008e76caa0) thrown at [src/hotspot/share/prims/jni.cpp, line 617]
Event: 15.204 Thread 0x000001f6e97ca800 Exception <a 'sun/nio/fs/WindowsException'{0x000000008e76d930}> (0x000000008e76d930) thrown at [src/hotspot/share/prims/jni.cpp, line 617]
Event: 15.335 Thread 0x000001f6e97ca800 Exception <a 'sun/nio/fs/WindowsException'{0x000000008d20fe60}> (0x000000008d20fe60) thrown at [src/hotspot/share/prims/jni.cpp, line 617]
Event: 15.335 Thread 0x000001f6e97ca800 Exception <a 'sun/nio/fs/WindowsException'{0x000000008d210d30}> (0x000000008d210d30) thrown at [src/hotspot/share/prims/jni.cpp, line 617]
Event: 15.335 Thread 0x000001f6e97ca800 Exception <a 'sun/nio/fs/WindowsException'{0x000000008d211038}> (0x000000008d211038) thrown at [src/hotspot/share/prims/jni.cpp, line 617]
Event: 15.336 Thread 0x000001f6e97ca800 Exception <a 'sun/nio/fs/WindowsException'{0x000000008d219180}> (0x000000008d219180) thrown at [src/hotspot/share/prims/jni.cpp, line 617]
Event: 15.336 Thread 0x000001f6e97ca800 Exception <a 'sun/nio/fs/WindowsException'{0x000000008d219460}> (0x000000008d219460) thrown at [src/hotspot/share/prims/jni.cpp, line 617]
Event: 15.336 Thread 0x000001f6e97ca800 Exception <a 'sun/nio/fs/WindowsException'{0x000000008d21a2e0}> (0x000000008d21a2e0) thrown at [src/hotspot/share/prims/jni.cpp, line 617]
Event: 15.459 Thread 0x000001f6e97ca800 Implicit null exception at 0x000001f6d9affd74 to 0x000001f6d9b003d8

Events (20 events):
Event: 15.558 loading class kotlin/reflect/jvm/internal/impl/descriptors/impl/DeclarationDescriptorImpl
Event: 15.558 loading class kotlin/reflect/jvm/internal/impl/descriptors/impl/DeclarationDescriptorImpl done
Event: 15.559 loading class kotlin/reflect/jvm/internal/impl/descriptors/annotations/AnnotatedImpl
Event: 15.559 loading class kotlin/reflect/jvm/internal/impl/descriptors/annotations/AnnotatedImpl done
Event: 15.560 loading class kotlin/reflect/jvm/internal/impl/descriptors/annotations/Annotations
Event: 15.560 loading class kotlin/reflect/jvm/internal/impl/descriptors/annotations/Annotations done
Event: 15.560 loading class kotlin/reflect/jvm/internal/impl/descriptors/annotations/Annotations$Companion
Event: 15.560 loading class kotlin/reflect/jvm/internal/impl/descriptors/annotations/Annotations$Companion done
Event: 15.561 loading class kotlin/reflect/jvm/internal/impl/descriptors/annotations/Annotations$Companion$EMPTY$1
Event: 15.561 loading class kotlin/reflect/jvm/internal/impl/descriptors/annotations/Annotations$Companion$EMPTY$1 done
Event: 15.561 loading class kotlin/reflect/jvm/internal/impl/descriptors/impl/PackageViewDescriptorFactory
Event: 15.561 loading class kotlin/reflect/jvm/internal/impl/descriptors/impl/PackageViewDescriptorFactory done
Event: 15.561 loading class kotlin/reflect/jvm/internal/impl/descriptors/impl/PackageViewDescriptorFactory$Companion
Event: 15.561 loading class kotlin/reflect/jvm/internal/impl/descriptors/impl/PackageViewDescriptorFactory$Companion done
Event: 15.562 loading class kotlin/reflect/jvm/internal/impl/descriptors/ModuleCapability
Event: 15.562 loading class kotlin/reflect/jvm/internal/impl/descriptors/ModuleCapability done
Event: 15.562 loading class kotlin/reflect/jvm/internal/impl/descriptors/impl/PackageViewDescriptorFactory$Default
Event: 15.562 loading class kotlin/reflect/jvm/internal/impl/descriptors/impl/PackageViewDescriptorFactory$Default done
Event: 15.563 loading class kotlin/reflect/jvm/internal/impl/descriptors/impl/ModuleDescriptorImpl$packages$1
Event: 15.563 loading class kotlin/reflect/jvm/internal/impl/descriptors/impl/ModuleDescriptorImpl$packages$1 done


Dynamic libraries:
0x00007ff733cd0000 - 0x00007ff733cda000 	C:\Program Files\Android\Android Studio1\jbr\bin\java.exe
0x00007ff9a1670000 - 0x00007ff9a1868000 	C:\windows\SYSTEM32\ntdll.dll
0x00007ff9a0920000 - 0x00007ff9a09dd000 	C:\windows\System32\KERNEL32.DLL
0x00007ff99f080000 - 0x00007ff99f376000 	C:\windows\System32\KERNELBASE.dll
0x00007ff99ef80000 - 0x00007ff99f080000 	C:\windows\System32\ucrtbase.dll
0x00007ff9981d0000 - 0x00007ff9981e7000 	C:\Program Files\Android\Android Studio1\jbr\bin\jli.dll
0x00007ff996470000 - 0x00007ff99648b000 	C:\Program Files\Android\Android Studio1\jbr\bin\VCRUNTIME140.dll
0x00007ff9a0320000 - 0x00007ff9a04be000 	C:\windows\System32\USER32.dll
0x00007ff99f380000 - 0x00007ff99f3a2000 	C:\windows\System32\win32u.dll
0x00007ff9a1280000 - 0x00007ff9a12ac000 	C:\windows\System32\GDI32.dll
0x00007ff99f540000 - 0x00007ff99f65a000 	C:\windows\System32\gdi32full.dll
0x00007ff984af0000 - 0x00007ff984d8a000 	C:\windows\WinSxS\amd64_microsoft.windows.common-controls_6595b64144ccf1df_6.0.19041.3636_none_60b6a03d71f818d5\COMCTL32.dll
0x00007ff99eee0000 - 0x00007ff99ef7d000 	C:\windows\System32\msvcp_win.dll
0x00007ff9a11e0000 - 0x00007ff9a127e000 	C:\windows\System32\msvcrt.dll
0x00007ff9a13e0000 - 0x00007ff9a1410000 	C:\windows\System32\IMM32.DLL
0x00007ff996460000 - 0x00007ff99646c000 	C:\Program Files\Android\Android Studio1\jbr\bin\vcruntime140_1.dll
0x00007ff9900b0000 - 0x00007ff99013d000 	C:\Program Files\Android\Android Studio1\jbr\bin\msvcp140.dll
0x00007ff953f60000 - 0x00007ff954b1c000 	C:\Program Files\Android\Android Studio1\jbr\bin\server\jvm.dll
0x00007ff9a09e0000 - 0x00007ff9a0a8f000 	C:\windows\System32\ADVAPI32.dll
0x00007ff9a1410000 - 0x00007ff9a14ac000 	C:\windows\System32\sechost.dll
0x00007ff9a12b0000 - 0x00007ff9a13d6000 	C:\windows\System32\RPCRT4.dll
0x00007ff99fba0000 - 0x00007ff99fba8000 	C:\windows\System32\PSAPI.DLL
0x00007ff997540000 - 0x00007ff99754a000 	C:\windows\SYSTEM32\VERSION.dll
0x00007ff9870f0000 - 0x00007ff987117000 	C:\windows\SYSTEM32\WINMM.dll
0x00007ff9997a0000 - 0x00007ff9997a9000 	C:\windows\SYSTEM32\WSOCK32.dll
0x00007ff9a04d0000 - 0x00007ff9a053b000 	C:\windows\System32\ws2_32.DLL
0x00007ff99d5a0000 - 0x00007ff99d5b2000 	C:\windows\SYSTEM32\kernel.appcore.dll
0x00007ff995b00000 - 0x00007ff995b10000 	C:\Program Files\Android\Android Studio1\jbr\bin\verify.dll
0x00007ff99cb20000 - 0x00007ff99cd04000 	C:\windows\SYSTEM32\DBGHELP.DLL
0x00007ff98ece0000 - 0x00007ff98ed14000 	C:\windows\SYSTEM32\dbgcore.DLL
0x00007ff99f3b0000 - 0x00007ff99f432000 	C:\windows\System32\bcryptPrimitives.dll
0x00007ff98fff0000 - 0x00007ff990018000 	C:\Program Files\Android\Android Studio1\jbr\bin\java.dll
0x00007ff993450000 - 0x00007ff99345a000 	C:\Program Files\Android\Android Studio1\jbr\bin\jimage.dll
0x00007ff98ffd0000 - 0x00007ff98ffe8000 	C:\Program Files\Android\Android Studio1\jbr\bin\zip.dll
0x00007ff9a0a90000 - 0x00007ff9a11d4000 	C:\windows\System32\SHELL32.dll
0x00007ff99cd10000 - 0x00007ff99d4ab000 	C:\windows\SYSTEM32\windows.storage.dll
0x00007ff9a05c0000 - 0x00007ff9a0914000 	C:\windows\System32\combase.dll
0x00007ff99e790000 - 0x00007ff99e7bd000 	C:\windows\SYSTEM32\Wldp.dll
0x00007ff9a0210000 - 0x00007ff9a02bd000 	C:\windows\System32\SHCORE.dll
0x00007ff9a0020000 - 0x00007ff9a0075000 	C:\windows\System32\shlwapi.dll
0x00007ff99ec80000 - 0x00007ff99eca5000 	C:\windows\SYSTEM32\profapi.dll
0x00007ff98ee50000 - 0x00007ff98ee69000 	C:\Program Files\Android\Android Studio1\jbr\bin\net.dll
0x00007ff998d70000 - 0x00007ff998e7a000 	C:\windows\SYSTEM32\WINHTTP.dll
0x00007ff99e4f0000 - 0x00007ff99e55a000 	C:\windows\system32\mswsock.dll
0x00007ff98e6f0000 - 0x00007ff98e703000 	C:\Program Files\Android\Android Studio1\jbr\bin\nio.dll
0x00007ff990140000 - 0x00007ff990167000 	C:\Users\a\.gradle\native\e1d6ef7f7dcc3fd88c89a11ec53ec762bb8ba0a96d01ffa2cd45eb1d1d8dd5c5\windows-amd64\native-platform.dll
0x00007ff98dcd0000 - 0x00007ff98de14000 	C:\Users\a\.gradle\native\0d407fdbe67a94daf76414ababcb853783967236a71b16ec16e742cd7a986fd3\windows-amd64\native-platform-file-events.dll
0x00007ff9901c0000 - 0x00007ff9901ca000 	C:\Program Files\Android\Android Studio1\jbr\bin\management.dll
0x00007ff990170000 - 0x00007ff99017b000 	C:\Program Files\Android\Android Studio1\jbr\bin\management_ext.dll
0x00007ff99e6f0000 - 0x00007ff99e708000 	C:\windows\SYSTEM32\CRYPTSP.dll
0x00007ff99ddb0000 - 0x00007ff99dde4000 	C:\windows\system32\rsaenh.dll
0x00007ff99eeb0000 - 0x00007ff99eed7000 	C:\windows\System32\bcrypt.dll
0x00007ff99ec40000 - 0x00007ff99ec6e000 	C:\windows\SYSTEM32\USERENV.dll
0x00007ff99e6e0000 - 0x00007ff99e6ec000 	C:\windows\SYSTEM32\CRYPTBASE.dll
0x00007ff99e190000 - 0x00007ff99e1cb000 	C:\windows\SYSTEM32\IPHLPAPI.DLL
0x00007ff9a04c0000 - 0x00007ff9a04c8000 	C:\windows\System32\NSI.dll
0x00007ff995840000 - 0x00007ff995857000 	C:\windows\SYSTEM32\dhcpcsvc6.DLL
0x00007ff995610000 - 0x00007ff99562d000 	C:\windows\SYSTEM32\dhcpcsvc.DLL
0x00007ff99e1e0000 - 0x00007ff99e2aa000 	C:\windows\SYSTEM32\DNSAPI.dll
0x00007ff9880e0000 - 0x00007ff9880f7000 	C:\windows\system32\napinsp.dll
0x00007ff9880c0000 - 0x00007ff9880db000 	C:\windows\system32\pnrpnsp.dll
0x00007ff998320000 - 0x00007ff998335000 	C:\windows\system32\wshbth.dll
0x00007ff998c80000 - 0x00007ff998c9d000 	C:\windows\system32\NLAapi.dll
0x00007ff984a90000 - 0x00007ff984aa2000 	C:\windows\System32\winrnr.dll
0x00007ff994050000 - 0x00007ff99405a000 	C:\Windows\System32\rasadhlp.dll
0x00007ff991c60000 - 0x00007ff991ce0000 	C:\windows\System32\fwpuclnt.dll
0x00007ff99ded0000 - 0x00007ff99df03000 	C:\windows\SYSTEM32\ntmarta.dll

dbghelp: loaded successfully - version: 4.0.5 - missing functions: none
symbol engine: initialized successfully - sym options: 0x614 - pdb path: .;C:\Program Files\Android\Android Studio1\jbr\bin;C:\windows\SYSTEM32;C:\windows\WinSxS\amd64_microsoft.windows.common-controls_6595b64144ccf1df_6.0.19041.3636_none_60b6a03d71f818d5;C:\Program Files\Android\Android Studio1\jbr\bin\server;C:\Users\a\.gradle\native\e1d6ef7f7dcc3fd88c89a11ec53ec762bb8ba0a96d01ffa2cd45eb1d1d8dd5c5\windows-amd64;C:\Users\a\.gradle\native\0d407fdbe67a94daf76414ababcb853783967236a71b16ec16e742cd7a986fd3\windows-amd64

VM Arguments:
jvm_args: --add-opens=java.base/java.util=ALL-UNNAMED --add-opens=java.base/java.lang=ALL-UNNAMED --add-opens=java.base/java.lang.invoke=ALL-UNNAMED --add-opens=java.base/java.util=ALL-UNNAMED --add-opens=java.prefs/java.util.prefs=ALL-UNNAMED --add-opens=java.prefs/java.util.prefs=ALL-UNNAMED --add-opens=java.base/java.nio.charset=ALL-UNNAMED --add-opens=java.base/java.net=ALL-UNNAMED --add-opens=java.base/java.util.concurrent.atomic=ALL-UNNAMED -Xmx2048m -Dfile.encoding=UTF-8 -Duser.country=IN -Duser.language=en -Duser.variant 
java_command: org.gradle.launcher.daemon.bootstrap.GradleDaemon 7.5
java_class_path (initial): C:\Users\a\.gradle\wrapper\dists\gradle-7.5-bin\f1w0cc9nuo0eivz97x2xlu9sv\gradle-7.5\lib\gradle-launcher-7.5.jar
Launcher Type: SUN_STANDARD

[Global flags]
     intx CICompilerCount                          = 4                                         {product} {ergonomic}
     uint ConcGCThreads                            = 2                                         {product} {ergonomic}
     uint G1ConcRefinementThreads                  = 8                                         {product} {ergonomic}
   size_t G1HeapRegionSize                         = 1048576                                   {product} {ergonomic}
    uintx GCDrainStackTargetSize                   = 64                                        {product} {ergonomic}
   size_t InitialHeapSize                          = 130023424                                 {product} {ergonomic}
   size_t MarkStackSize                            = 4194304                                   {product} {ergonomic}
   size_t MaxHeapSize                              = 2147483648                                {product} {command line}
   size_t MaxNewSize                               = 1287651328                                {product} {ergonomic}
   size_t MinHeapDeltaBytes                        = 1048576                                   {product} {ergonomic}
    uintx NonNMethodCodeHeapSize                   = 5836300                                {pd product} {ergonomic}
    uintx NonProfiledCodeHeapSize                  = 122910970                              {pd product} {ergonomic}
    uintx ProfiledCodeHeapSize                     = 122910970                              {pd product} {ergonomic}
    uintx ReservedCodeCacheSize                    = 251658240                              {pd product} {ergonomic}
     bool SegmentedCodeCache                       = true                                      {product} {ergonomic}
     bool UseCompressedClassPointers               = true                                 {lp64_product} {ergonomic}
     bool UseCompressedOops                        = true                                 {lp64_product} {ergonomic}
     bool UseG1GC                                  = true                                      {product} {ergonomic}
     bool UseLargePagesIndividualAllocation        = false                                  {pd product} {ergonomic}

Logging:
Log output configuration:
 #0: stdout all=warning uptime,level,tags
 #1: stderr all=off uptime,level,tags

Environment Variables:
PATH=C:\python 3.10\Scripts\;C:\python 3.10\;C:\Program Files\Common Files\Oracle\Java\javapath;C:\windows\system32;C:\windows;C:\windows\System32\Wbem;C:\windows\System32\WindowsPowerShell\v1.0\;C:\windows\System32\OpenSSH\;C:\Program Files\Git\cmd;C:\MinGW\bin;C:\ProgramData\chocolatey\bin;C:\Program Files\nodejs\;C:\Program Files\MySQL\MySQL Server 8.0\bin;C:\Program Files\MySQL\MySQL Shell 8.0\bin\;C:\Users\a\AppData\Local\Microsoft\WindowsApps;C:\Users\a\AppData\Local\Programs\Microsoft VS Code\bin;C:\Program Files\JetBrains\IntelliJ IDEA Community Edition 2021.3.3\New folder\IntelliJ IDEA Community Edition 2021.3.3\bin;;C:\Users\a\AppData\Roaming\npm
USERNAME=a
OS=Windows_NT
PROCESSOR_IDENTIFIER=Intel64 Family 6 Model 140 Stepping 1, GenuineIntel



---------------  S Y S T E M  ---------------

OS: Windows 10 , 64 bit Build 19041 (10.0.19041.3636)
OS uptime: 0 days 7:46 hours

CPU:total 8 (initial active 8) (4 cores per cpu, 2 threads per core) family 6 model 140 stepping 1 microcode 0x9a, cmov, cx8, fxsr, mmx, sse, sse2, sse3, ssse3, sse4.1, sse4.2, popcnt, avx, avx2, aes, clmul, erms, 3dnowpref, lzcnt, ht, tsc, tscinvbit, bmi1, bmi2, adx, evex, sha, fma

Memory: 4k page, system-wide physical 7834M (466M free)
TotalPageFile size 10634M (AvailPageFile size 5M)
current process WorkingSet (physical memory assigned to process): 563M, peak: 567M
current process commit charge ("private bytes"): 602M, peak: 605M

vm_info: OpenJDK 64-Bit Server VM (11.0.15+0-b2043.56-9505619) for windows-amd64 JRE (11.0.15+0-b2043.56-9505619), built on Jan 19 2023 02:48:00 by "builduser" with unknown MS VC++:1929

END.
